#
# There is insufficient memory for the Java Runtime Environment to continue.
# Native memory allocation (mmap) failed to map 357564416 bytes for Failed to commit area from 0x0000000095700000 to 0x00000000aac00000 of length 357564416.
# Possible reasons:
#   The system is out of physical RAM or swap space
#   The process is running with CompressedOops enabled, and the Java Heap may be blocking the growth of the native heap
# Possible solutions:
#   Reduce memory load on the system
#   Increase physical memory or swap space
#   Check if swap backing store is full
#   Decrease Java heap size (-Xmx/-Xms)
#   Decrease number of Java threads
#   Decrease Java thread stack sizes (-Xss)
#   Set larger code cache with -XX:ReservedCodeCacheSize=
#   JVM is running with Unscaled Compressed Oops mode in which the Java heap is
#     placed in the first 4GB address space. The Java Heap base address is the
#     maximum limit for the native heap growth. Please use -XX:HeapBaseMinAddress
#     to set the Java Heap base and to place the Java Heap above 4GB virtual address.
# This output file may be truncated or incomplete.
#
#  Out of Memory Error (./src/hotspot/os/windows/os_windows.cpp:3301), pid=15988, tid=14284
#
# JRE version: OpenJDK Runtime Environment (11.0.10) (build 11.0.10+0-b96-7249189)
# Java VM: OpenJDK 64-Bit Server VM (11.0.10+0-b96-7249189, mixed mode, tiered, compressed oops, g1 gc, windows-amd64)
# No core dump will be written. Minidumps are not enabled by default on client versions of Windows
#

---------------  S U M M A R Y ------------

Command Line: --add-opens=java.base/java.util=ALL-UNNAMED --add-opens=java.base/java.lang=ALL-UNNAMED --add-opens=java.base/java.lang.invoke=ALL-UNNAMED --add-opens=java.base/java.util=ALL-UNNAMED --add-opens=java.prefs/java.util.prefs=ALL-UNNAMED --add-opens=java.prefs/java.util.prefs=ALL-UNNAMED --add-opens=java.base/java.nio.charset=ALL-UNNAMED --add-opens=java.base/java.net=ALL-UNNAMED --add-opens=java.base/java.util.concurrent.atomic=ALL-UNNAMED -Xmx2048m -Dfile.encoding=UTF-8 -Duser.country=US -Duser.language=en -Duser.variant org.gradle.launcher.daemon.bootstrap.GradleDaemon 7.0.2

Host: 11th Gen Intel(R) Core(TM) i5-1135G7 @ 2.40GHz, 8 cores, 7G,  Windows 10 , 64 bit Build 19041 (10.0.19041.1466)
Time: Sun Jan 23 14:47:05 2022 GMT Standard Time elapsed time: 18.046836 seconds (0d 0h 0m 18s)

---------------  T H R E A D  ---------------

Current thread (0x00000128f367c800):  VMThread "VM Thread" [stack: 0x000000282ec00000,0x000000282ed00000] [id=14284]

Stack: [0x000000282ec00000,0x000000282ed00000]
[error occurred during error reporting (printing stack bounds), id 0xc0000005, EXCEPTION_ACCESS_VIOLATION (0xc0000005) at pc=0x00000128dc5110e7]

Native frames: (J=compiled Java code, j=interpreted, Vv=VM code, C=native code)
V  [jvm.dll+0x5ecfaa]
V  [jvm.dll+0x722bd5]
V  [jvm.dll+0x72412d]
V  [jvm.dll+0x724745]
V  [jvm.dll+0x7246fb]
V  [jvm.dll+0x5ec348]
V  [jvm.dll+0x5ecad8]
C  [ntdll.dll+0xa20cf]
C  [ntdll.dll+0x51454]
C  [ntdll.dll+0xa0bfe]
C  0x00000128dc5110e7

VM_Operation (0x00000028320f8cd0): G1CollectForAllocation, mode: safepoint, requested by thread 0x00000128f9820800


---------------  P R O C E S S  ---------------

Threads class SMR info:
_java_thread_list=0x00000128f649f930, length=68, elements={
0x00000128d724b000, 0x00000128f3682800, 0x00000128f368c000, 0x00000128f4012800,
0x00000128f369b000, 0x00000128f369c000, 0x00000128f36a0000, 0x00000128f36ac800,
0x00000128f36af800, 0x00000128f417a000, 0x00000128f58b7000, 0x00000128f65fc000,
0x00000128f5ac4000, 0x00000128f639b000, 0x00000128f604b000, 0x00000128f6d1c000,
0x00000128f6c3d000, 0x00000128f6d13000, 0x00000128f5b0f800, 0x00000128f5b08000,
0x00000128f5b07000, 0x00000128f5b03000, 0x00000128f5b05800, 0x00000128f703b000,
0x00000128f5b04000, 0x00000128f5b02000, 0x00000128f5b08800, 0x00000128f5b04800,
0x00000128f5b06800, 0x00000128f9816800, 0x00000128f9815000, 0x00000128f9815800,
0x00000128f9818000, 0x00000128f9814000, 0x00000128f9813800, 0x00000128f981c800,
0x00000128f981a800, 0x00000128f981b800, 0x00000128f981d000, 0x00000128f981e800,
0x00000128f981f800, 0x00000128f981e000, 0x00000128f981a000, 0x00000128f9820800,
0x00000128f9821000, 0x00000128f9822000, 0x00000128f7cc5800, 0x00000128f7cc4000,
0x00000128f7cc1800, 0x00000128f7cc3000, 0x00000128f7cc2000, 0x00000128f7cc0000,
0x00000128f7cc6800, 0x00000128f7cc0800, 0x00000128f50ba000, 0x00000128f50ba800,
0x00000128f50bd000, 0x00000128f50b9000, 0x00000128f50be000, 0x00000128f50b8000,
0x00000128f50bc800, 0x00000128f50bf000, 0x00000128f50bf800, 0x00000128f50c0800,
0x00000128f50c1000, 0x00000128f50bb800, 0x00000128f50c3000, 0x00000128f50c5800
}

Java Threads: ( => current thread )
  0x00000128d724b000 JavaThread "main" [_thread_blocked, id=11944, stack(0x000000282e600000,0x000000282e700000)]
  0x00000128f3682800 JavaThread "Reference Handler" daemon [_thread_blocked, id=1872, stack(0x000000282ed00000,0x000000282ee00000)]
  0x00000128f368c000 JavaThread "Finalizer" daemon [_thread_blocked, id=24092, stack(0x000000282ee00000,0x000000282ef00000)]
  0x00000128f4012800 JavaThread "Signal Dispatcher" daemon [_thread_blocked, id=24152, stack(0x000000282ef00000,0x000000282f000000)]
  0x00000128f369b000 JavaThread "Attach Listener" daemon [_thread_blocked, id=11512, stack(0x000000282f000000,0x000000282f100000)]
  0x00000128f369c000 JavaThread "Service Thread" daemon [_thread_blocked, id=24200, stack(0x000000282f100000,0x000000282f200000)]
  0x00000128f36a0000 JavaThread "C2 CompilerThread0" daemon [_thread_in_native, id=24444, stack(0x000000282f200000,0x000000282f300000)]
  0x00000128f36ac800 JavaThread "C1 CompilerThread0" daemon [_thread_blocked, id=24936, stack(0x000000282f300000,0x000000282f400000)]
  0x00000128f36af800 JavaThread "Sweeper thread" daemon [_thread_blocked, id=17144, stack(0x000000282f400000,0x000000282f500000)]
  0x00000128f417a000 JavaThread "Common-Cleaner" daemon [_thread_blocked, id=1744, stack(0x000000282f500000,0x000000282f600000)]
  0x00000128f58b7000 JavaThread "Daemon health stats" [_thread_blocked, id=3692, stack(0x000000282fa00000,0x000000282fb00000)]
  0x00000128f65fc000 JavaThread "Incoming local TCP Connector on port 61531" [_thread_in_native, id=20388, stack(0x000000282fb00000,0x000000282fc00000)]
  0x00000128f5ac4000 JavaThread "Daemon periodic checks" [_thread_blocked, id=25120, stack(0x000000282fc00000,0x000000282fd00000)]
  0x00000128f639b000 JavaThread "Daemon" [_thread_blocked, id=15212, stack(0x000000282fd00000,0x000000282fe00000)]
  0x00000128f604b000 JavaThread "Handler for socket connection from /127.0.0.1:61531 to /127.0.0.1:61532" [_thread_in_native, id=12856, stack(0x000000282fe00000,0x000000282ff00000)]
  0x00000128f6d1c000 JavaThread "Cancel handler" [_thread_blocked, id=14136, stack(0x000000282ff00000,0x0000002830000000)]
  0x00000128f6c3d000 JavaThread "Daemon worker" [_thread_blocked, id=6768, stack(0x0000002830000000,0x0000002830100000)]
  0x00000128f6d13000 JavaThread "Asynchronous log dispatcher for DefaultDaemonConnection: socket connection from /127.0.0.1:61531 to /127.0.0.1:61532" [_thread_blocked, id=14712, stack(0x0000002830100000,0x0000002830200000)]
  0x00000128f5b0f800 JavaThread "Stdin handler" [_thread_blocked, id=21636, stack(0x0000002830200000,0x0000002830300000)]
  0x00000128f5b08000 JavaThread "Daemon client event forwarder" [_thread_blocked, id=9088, stack(0x0000002830300000,0x0000002830400000)]
  0x00000128f5b07000 JavaThread "Cache worker for file hash cache (C:\Users\Kobby\.gradle\caches\7.0.2\fileHashes)" [_thread_blocked, id=14800, stack(0x0000002830900000,0x0000002830a00000)]
  0x00000128f5b03000 JavaThread "File lock request listener" [_thread_in_native, id=6968, stack(0x0000002830a00000,0x0000002830b00000)]
  0x00000128f5b05800 JavaThread "Cache worker for journal cache (C:\Users\Kobby\.gradle\caches\journal-1)" [_thread_blocked, id=12268, stack(0x0000002830c00000,0x0000002830d00000)]
  0x00000128f703b000 JavaThread "C2 CompilerThread1" daemon [_thread_blocked, id=2084, stack(0x000000282f700000,0x000000282f800000)]
  0x00000128f5b04000 JavaThread "Cache worker for file hash cache (C:\Users\Kobby\AndroidStudioProjects\Codelabs\DroidCafeWithSettings\.gradle\7.0.2\fileHashes)" [_thread_blocked, id=10520, stack(0x0000002830d00000,0x0000002830e00000)]
  0x00000128f5b02000 JavaThread "File watcher server" daemon [_thread_blocked, id=15620, stack(0x0000002830e00000,0x0000002830f00000)]
  0x00000128f5b08800 JavaThread "File watcher consumer" daemon [_thread_blocked, id=8120, stack(0x0000002830f00000,0x0000002831000000)]
  0x00000128f5b04800 JavaThread "Cache worker for checksums cache (C:\Users\Kobby\AndroidStudioProjects\Codelabs\DroidCafeWithSettings\.gradle\checksums)" [_thread_blocked, id=18860, stack(0x0000002831000000,0x0000002831100000)]
  0x00000128f5b06800 JavaThread "Cache worker for cache directory md-supplier (C:\Users\Kobby\.gradle\caches\7.0.2\md-supplier)" [_thread_blocked, id=25572, stack(0x0000002831100000,0x0000002831200000)]
  0x00000128f9816800 JavaThread "Cache worker for cache directory md-rule (C:\Users\Kobby\.gradle\caches\7.0.2\md-rule)" [_thread_blocked, id=24676, stack(0x0000002831200000,0x0000002831300000)]
  0x00000128f9815000 JavaThread "Cache worker for execution history cache (C:\Users\Kobby\.gradle\caches\7.0.2\executionHistory)" [_thread_blocked, id=15624, stack(0x0000002831300000,0x0000002831400000)]
  0x00000128f9815800 JavaThread "jar transforms" [_thread_blocked, id=300, stack(0x0000002831400000,0x0000002831500000)]
  0x00000128f9818000 JavaThread "jar transforms Thread 2" [_thread_blocked, id=21988, stack(0x0000002831500000,0x0000002831600000)]
  0x00000128f9814000 JavaThread "Cache worker for file content cache (C:\Users\Kobby\.gradle\caches\7.0.2\fileContent)" [_thread_blocked, id=1764, stack(0x0000002831600000,0x0000002831700000)]
  0x00000128f9813800 JavaThread "Cache worker for dependencies-accessors (C:\Users\Kobby\AndroidStudioProjects\Codelabs\DroidCafeWithSettings\.gradle\7.0.2\dependencies-accessors)" [_thread_blocked, id=2732, stack(0x0000002831700000,0x0000002831800000)]
  0x00000128f981c800 JavaThread "jar transforms Thread 3" [_thread_blocked, id=3624, stack(0x0000002831800000,0x0000002831900000)]
  0x00000128f981a800 JavaThread "Cache worker for Build Output Cleanup Cache (C:\Users\Kobby\AndroidStudioProjects\Codelabs\DroidCafeWithSettings\.gradle\buildOutputCleanup)" [_thread_blocked, id=4556, stack(0x0000002831900000,0x0000002831a00000)]
  0x00000128f981b800 JavaThread "Build operations" [_thread_blocked, id=2588, stack(0x0000002831a00000,0x0000002831b00000)]
  0x00000128f981d000 JavaThread "Build operations Thread 2" [_thread_blocked, id=2408, stack(0x0000002831b00000,0x0000002831c00000)]
  0x00000128f981e800 JavaThread "Build operations Thread 3" [_thread_blocked, id=11732, stack(0x0000002831c00000,0x0000002831d00000)]
  0x00000128f981f800 JavaThread "Build operations Thread 4" [_thread_blocked, id=4448, stack(0x0000002831d00000,0x0000002831e00000)]
  0x00000128f981e000 JavaThread "Build operations Thread 5" [_thread_blocked, id=25460, stack(0x0000002831e00000,0x0000002831f00000)]
  0x00000128f981a000 JavaThread "Build operations Thread 6" [_thread_blocked, id=9968, stack(0x0000002831f00000,0x0000002832000000)]
  0x00000128f9820800 JavaThread "Build operations Thread 7" [_thread_blocked, id=25268, stack(0x0000002832000000,0x0000002832100000)]
  0x00000128f9821000 JavaThread "Build operations Thread 8" [_thread_blocked, id=13572, stack(0x0000002832100000,0x0000002832200000)]
  0x00000128f9822000 JavaThread "jar transforms Thread 4" [_thread_blocked, id=24692, stack(0x0000002832200000,0x0000002832300000)]
  0x00000128f7cc5800 JavaThread "jar transforms Thread 5" [_thread_blocked, id=8012, stack(0x0000002832300000,0x0000002832400000)]
  0x00000128f7cc4000 JavaThread "jar transforms Thread 6" [_thread_blocked, id=17432, stack(0x0000002832400000,0x0000002832500000)]
  0x00000128f7cc1800 JavaThread "jar transforms Thread 7" [_thread_blocked, id=24244, stack(0x0000002832500000,0x0000002832600000)]
  0x00000128f7cc3000 JavaThread "jar transforms Thread 8" [_thread_blocked, id=5852, stack(0x0000002832600000,0x0000002832700000)]
  0x00000128f7cc2000 JavaThread "Memory manager" [_thread_blocked, id=25584, stack(0x0000002832700000,0x0000002832800000)]
  0x00000128f7cc0000 JavaThread "build event listener" [_thread_blocked, id=12796, stack(0x0000002832800000,0x0000002832900000)]
  0x00000128f7cc6800 JavaThread "Execution worker for ':'" [_thread_blocked, id=15000, stack(0x0000002832900000,0x0000002832a00000)]
  0x00000128f7cc0800 JavaThread "Execution worker for ':' Thread 2" [_thread_blocked, id=12412, stack(0x0000002832a00000,0x0000002832b00000)]
  0x00000128f50ba000 JavaThread "Execution worker for ':' Thread 3" [_thread_blocked, id=656, stack(0x0000002832b00000,0x0000002832c00000)]
  0x00000128f50ba800 JavaThread "Execution worker for ':' Thread 4" [_thread_blocked, id=18224, stack(0x0000002832c00000,0x0000002832d00000)]
  0x00000128f50bd000 JavaThread "Execution worker for ':' Thread 5" [_thread_blocked, id=5036, stack(0x0000002832d00000,0x0000002832e00000)]
  0x00000128f50b9000 JavaThread "Execution worker for ':' Thread 6" [_thread_blocked, id=15860, stack(0x0000002832e00000,0x0000002832f00000)]
  0x00000128f50be000 JavaThread "Execution worker for ':' Thread 7" [_thread_blocked, id=15900, stack(0x0000002832f00000,0x0000002833000000)]
  0x00000128f50b8000 JavaThread "Cache worker for execution history cache (C:\Users\Kobby\AndroidStudioProjects\Codelabs\DroidCafeWithSettings\.gradle\7.0.2\executionHistory)" [_thread_blocked, id=16356, stack(0x0000002833000000,0x0000002833100000)]
  0x00000128f50bc800 JavaThread "WorkerExecutor Queue" [_thread_blocked, id=14500, stack(0x0000002833100000,0x0000002833200000)]
  0x00000128f50bf000 JavaThread "WorkerExecutor Queue Thread 2" [_thread_blocked, id=1940, stack(0x0000002833200000,0x0000002833300000)]
  0x00000128f50bf800 JavaThread "WorkerExecutor Queue Thread 3" [_thread_blocked, id=25448, stack(0x0000002833300000,0x0000002833400000)]
  0x00000128f50c0800 JavaThread "WorkerExecutor Queue Thread 4" [_thread_blocked, id=9260, stack(0x0000002833700000,0x0000002833800000)]
  0x00000128f50c1000 JavaThread "WorkerExecutor Queue Thread 5" [_thread_blocked, id=18256, stack(0x0000002833800000,0x0000002833900000)]
  0x00000128f50bb800 JavaThread "WorkerExecutor Queue Thread 6" [_thread_blocked, id=23228, stack(0x0000002833900000,0x0000002833a00000)]
  0x00000128f50c3000 JavaThread "WorkerExecutor Queue Thread 7" [_thread_blocked, id=7192, stack(0x0000002833a00000,0x0000002833b00000)]
  0x00000128f50c5800 JavaThread "WorkerExecutor Queue Thread 8" [_thread_blocked, id=25232, stack(0x0000002833b00000,0x0000002833c00000)]

Other Threads:
=>0x00000128f367c800 VMThread "VM Thread" [stack: 0x000000282ec00000,0x000000282ed00000] [id=14284]
  0x00000128f4185800 WatcherThread [stack: 0x000000282f600000,0x000000282f700000] [id=12172]
  0x00000128d7264000 GCTaskThread "GC Thread#0" [stack: 0x000000282e700000,0x000000282e800000] [id=14220]
  0x00000128f4840000 GCTaskThread "GC Thread#1" [stack: 0x000000282f800000,0x000000282f900000] [id=24420]
  0x00000128f48c5800 GCTaskThread "GC Thread#2" [stack: 0x000000282f900000,0x000000282fa00000] [id=13428]
  0x00000128f72aa800 GCTaskThread "GC Thread#3" [stack: 0x0000002830400000,0x0000002830500000] [id=3024]
  0x00000128f69bb800 GCTaskThread "GC Thread#4" [stack: 0x0000002830500000,0x0000002830600000] [id=13360]
  0x00000128f69bc000 GCTaskThread "GC Thread#5" [stack: 0x0000002830600000,0x0000002830700000] [id=10528]
  0x00000128f5b53800 GCTaskThread "GC Thread#6" [stack: 0x0000002830700000,0x0000002830800000] [id=15236]
  0x00000128f5b54000 GCTaskThread "GC Thread#7" [stack: 0x0000002830800000,0x0000002830900000] [id=10024]
  0x00000128d7297000 ConcurrentGCThread "G1 Main Marker" [stack: 0x000000282e800000,0x000000282e900000] [id=10312]
  0x00000128d7298000 ConcurrentGCThread "G1 Conc#0" [stack: 0x000000282e900000,0x000000282ea00000] [id=19820]
  0x00000128f56ff800 ConcurrentGCThread "G1 Conc#1" [stack: 0x0000002830b00000,0x0000002830c00000] [id=1408]
  0x00000128d7329800 ConcurrentGCThread "G1 Refine#0" [stack: 0x000000282ea00000,0x000000282eb00000] [id=14972]
  0x00000128f7833000 ConcurrentGCThread "G1 Refine#1" [stack: 0x0000002833400000,0x0000002833500000] [id=13920]
  0x00000128fafac000 ConcurrentGCThread "G1 Refine#2" [stack: 0x0000002833500000,0x0000002833600000] [id=3652]
  0x00000128fafad000 ConcurrentGCThread "G1 Refine#3" [stack: 0x0000002833600000,0x0000002833700000] [id=25368]
  0x00000128f34d0800 ConcurrentGCThread "G1 Young RemSet Sampling" [stack: 0x000000282eb00000,0x000000282ec00000] [id=11340]

Threads with active compile tasks:
C2 CompilerThread0  18073 16336       4       com.android.tools.r8.internal.U6::a (6044 bytes)
C1 CompilerThread0  18073 17214       2       com.android.tools.r8.internal.Me::a (37 bytes)
C2 CompilerThread1  18073 17182       4       com.android.tools.r8.internal.Of::b (226 bytes)

VM state:at safepoint (normal execution)

VM Mutex/Monitor currently owned by a thread:  ([mutex/lock_event])
[0x00000128d7247200] Threads_lock - owner thread: 0x00000128f367c800
[0x00000128d7246870] Heap_lock - owner thread: 0x00000128f9820800

Heap address: 0x0000000080000000, size: 2048 MB, Compressed Oops mode: 32-bit
Narrow klass base: 0x0000000000000000, Narrow klass shift: 3
Compressed class space size: 1073741824 Address: 0x0000000100000000

Heap:
 garbage-first heap   total 700416K, used 133663K [0x0000000080000000, 0x0000000100000000)
  region size 1024K, 8 young (8192K), 8 survivors (8192K)
 Metaspace       used 106341K, capacity 109140K, committed 109644K, reserved 1144832K
  class space    used 13453K, capacity 14479K, committed 14668K, reserved 1048576K
Heap Regions: E=young(eden), S=young(survivor), O=old, HS=humongous(starts), HC=humongous(continues), CS=collection set, F=free, A=archive, TAMS=top-at-mark-start (previous, next)
|   0|0x0000000080000000, 0x0000000080100000, 0x0000000080100000|100%| O|  |TAMS 0x0000000080100000, 0x0000000080000000| Untracked 
|   1|0x0000000080100000, 0x0000000080200000, 0x0000000080200000|100%| O|  |TAMS 0x0000000080200000, 0x0000000080100000| Untracked 
|   2|0x0000000080200000, 0x0000000080300000, 0x0000000080300000|100%| O|  |TAMS 0x0000000080300000, 0x0000000080200000| Untracked 
|   3|0x0000000080300000, 0x0000000080400000, 0x0000000080400000|100%|HS|  |TAMS 0x0000000080400000, 0x0000000080300000| Complete 
|   4|0x0000000080400000, 0x0000000080500000, 0x0000000080500000|100%|HC|  |TAMS 0x0000000080500000, 0x0000000080400000| Complete 
|   5|0x0000000080500000, 0x0000000080600000, 0x0000000080600000|100%|HC|  |TAMS 0x0000000080600000, 0x0000000080500000| Complete 
|   6|0x0000000080600000, 0x0000000080700000, 0x0000000080700000|100%| O|  |TAMS 0x0000000080700000, 0x0000000080600000| Untracked 
|   7|0x0000000080700000, 0x0000000080800000, 0x0000000080800000|100%| O|  |TAMS 0x0000000080800000, 0x0000000080700000| Untracked 
|   8|0x0000000080800000, 0x0000000080900000, 0x0000000080900000|100%| O|  |TAMS 0x0000000080900000, 0x0000000080800000| Untracked 
|   9|0x0000000080900000, 0x0000000080a00000, 0x0000000080a00000|100%| O|  |TAMS 0x0000000080a00000, 0x0000000080900000| Untracked 
|  10|0x0000000080a00000, 0x0000000080b00000, 0x0000000080b00000|100%| O|  |TAMS 0x0000000080b00000, 0x0000000080a00000| Untracked 
|  11|0x0000000080b00000, 0x0000000080c00000, 0x0000000080c00000|100%| O|  |TAMS 0x0000000080c00000, 0x0000000080b00000| Untracked 
|  12|0x0000000080c00000, 0x0000000080d00000, 0x0000000080d00000|100%| O|  |TAMS 0x0000000080d00000, 0x0000000080c00000| Untracked 
|  13|0x0000000080d00000, 0x0000000080e00000, 0x0000000080e00000|100%| O|  |TAMS 0x0000000080e00000, 0x0000000080d00000| Untracked 
|  14|0x0000000080e00000, 0x0000000080f00000, 0x0000000080f00000|100%| O|  |TAMS 0x0000000080f00000, 0x0000000080e00000| Untracked 
|  15|0x0000000080f00000, 0x0000000081000000, 0x0000000081000000|100%| O|  |TAMS 0x0000000081000000, 0x0000000080f00000| Untracked 
|  16|0x0000000081000000, 0x0000000081100000, 0x0000000081100000|100%| O|  |TAMS 0x0000000081100000, 0x0000000081000000| Untracked 
|  17|0x0000000081100000, 0x0000000081200000, 0x0000000081200000|100%| O|  |TAMS 0x0000000081200000, 0x0000000081100000| Untracked 
|  18|0x0000000081200000, 0x0000000081300000, 0x0000000081300000|100%|HS|  |TAMS 0x0000000081300000, 0x0000000081200000| Complete 
|  19|0x0000000081300000, 0x0000000081400000, 0x0000000081400000|100%| O|  |TAMS 0x0000000081400000, 0x0000000081300000| Untracked 
|  20|0x0000000081400000, 0x0000000081500000, 0x0000000081500000|100%| O|  |TAMS 0x0000000081500000, 0x0000000081400000| Untracked 
|  21|0x0000000081500000, 0x0000000081600000, 0x0000000081600000|100%| O|  |TAMS 0x0000000081600000, 0x0000000081500000| Untracked 
|  22|0x0000000081600000, 0x0000000081700000, 0x0000000081700000|100%|HS|  |TAMS 0x0000000081700000, 0x0000000081600000| Complete 
|  23|0x0000000081700000, 0x0000000081800000, 0x0000000081800000|100%|HS|  |TAMS 0x0000000081800000, 0x0000000081700000| Complete 
|  24|0x0000000081800000, 0x0000000081900000, 0x0000000081900000|100%|HC|  |TAMS 0x0000000081900000, 0x0000000081800000| Complete 
|  25|0x0000000081900000, 0x0000000081a00000, 0x0000000081a00000|100%| O|  |TAMS 0x0000000081a00000, 0x0000000081900000| Untracked 
|  26|0x0000000081a00000, 0x0000000081b00000, 0x0000000081b00000|100%| O|  |TAMS 0x0000000081b00000, 0x0000000081a00000| Untracked 
|  27|0x0000000081b00000, 0x0000000081c00000, 0x0000000081c00000|100%| O|  |TAMS 0x0000000081c00000, 0x0000000081b00000| Untracked 
|  28|0x0000000081c00000, 0x0000000081d00000, 0x0000000081d00000|100%| O|  |TAMS 0x0000000081d00000, 0x0000000081c00000| Untracked 
|  29|0x0000000081d00000, 0x0000000081e00000, 0x0000000081e00000|100%| O|  |TAMS 0x0000000081e00000, 0x0000000081d00000| Untracked 
|  30|0x0000000081e00000, 0x0000000081f00000, 0x0000000081f00000|100%| O|  |TAMS 0x0000000081f00000, 0x0000000081e00000| Untracked 
|  31|0x0000000081f00000, 0x0000000082000000, 0x0000000082000000|100%| O|  |TAMS 0x0000000082000000, 0x0000000081f00000| Untracked 
|  32|0x0000000082000000, 0x0000000082100000, 0x0000000082100000|100%| O|  |TAMS 0x0000000082100000, 0x0000000082000000| Untracked 
|  33|0x0000000082100000, 0x0000000082200000, 0x0000000082200000|100%| O|  |TAMS 0x0000000082200000, 0x0000000082100000| Untracked 
|  34|0x0000000082200000, 0x0000000082300000, 0x0000000082300000|100%| O|  |TAMS 0x0000000082300000, 0x0000000082200000| Untracked 
|  35|0x0000000082300000, 0x0000000082400000, 0x0000000082400000|100%| O|  |TAMS 0x0000000082400000, 0x0000000082300000| Untracked 
|  36|0x0000000082400000, 0x0000000082500000, 0x0000000082500000|100%| O|  |TAMS 0x0000000082500000, 0x0000000082400000| Untracked 
|  37|0x0000000082500000, 0x0000000082600000, 0x0000000082600000|100%| O|  |TAMS 0x0000000082600000, 0x0000000082500000| Untracked 
|  38|0x0000000082600000, 0x0000000082700000, 0x0000000082700000|100%| O|  |TAMS 0x0000000082700000, 0x0000000082600000| Untracked 
|  39|0x0000000082700000, 0x0000000082800000, 0x0000000082800000|100%| O|  |TAMS 0x0000000082800000, 0x0000000082700000| Untracked 
|  40|0x0000000082800000, 0x0000000082900000, 0x0000000082900000|100%| O|  |TAMS 0x0000000082900000, 0x0000000082800000| Untracked 
|  41|0x0000000082900000, 0x0000000082a00000, 0x0000000082a00000|100%| O|  |TAMS 0x0000000082a00000, 0x0000000082900000| Untracked 
|  42|0x0000000082a00000, 0x0000000082b00000, 0x0000000082b00000|100%| O|  |TAMS 0x0000000082b00000, 0x0000000082a00000| Untracked 
|  43|0x0000000082b00000, 0x0000000082c00000, 0x0000000082c00000|100%| O|  |TAMS 0x0000000082c00000, 0x0000000082b00000| Untracked 
|  44|0x0000000082c00000, 0x0000000082d00000, 0x0000000082d00000|100%| O|  |TAMS 0x0000000082d00000, 0x0000000082c00000| Untracked 
|  45|0x0000000082d00000, 0x0000000082e00000, 0x0000000082e00000|100%| O|  |TAMS 0x0000000082e00000, 0x0000000082d00000| Untracked 
|  46|0x0000000082e00000, 0x0000000082f00000, 0x0000000082f00000|100%| O|  |TAMS 0x0000000082f00000, 0x0000000082e00000| Untracked 
|  47|0x0000000082f00000, 0x0000000083000000, 0x0000000083000000|100%| O|  |TAMS 0x0000000083000000, 0x0000000082f00000| Untracked 
|  48|0x0000000083000000, 0x0000000083100000, 0x0000000083100000|100%| O|  |TAMS 0x0000000083100000, 0x0000000083000000| Untracked 
|  49|0x0000000083100000, 0x0000000083200000, 0x0000000083200000|100%| O|  |TAMS 0x0000000083200000, 0x0000000083100000| Untracked 
|  50|0x0000000083200000, 0x0000000083300000, 0x0000000083300000|100%| O|  |TAMS 0x0000000083300000, 0x0000000083200000| Untracked 
|  51|0x0000000083300000, 0x0000000083400000, 0x0000000083400000|100%| O|  |TAMS 0x0000000083400000, 0x0000000083300000| Untracked 
|  52|0x0000000083400000, 0x0000000083500000, 0x0000000083500000|100%| O|  |TAMS 0x0000000083500000, 0x0000000083400000| Untracked 
|  53|0x0000000083500000, 0x0000000083600000, 0x0000000083600000|100%| O|  |TAMS 0x0000000083600000, 0x0000000083500000| Untracked 
|  54|0x0000000083600000, 0x0000000083700000, 0x0000000083700000|100%| O|  |TAMS 0x0000000083700000, 0x0000000083600000| Untracked 
|  55|0x0000000083700000, 0x0000000083800000, 0x0000000083800000|100%| O|  |TAMS 0x0000000083800000, 0x0000000083700000| Untracked 
|  56|0x0000000083800000, 0x0000000083900000, 0x0000000083900000|100%| O|  |TAMS 0x0000000083900000, 0x0000000083800000| Untracked 
|  57|0x0000000083900000, 0x0000000083a00000, 0x0000000083a00000|100%| O|  |TAMS 0x0000000083a00000, 0x0000000083900000| Untracked 
|  58|0x0000000083a00000, 0x0000000083b00000, 0x0000000083b00000|100%| O|  |TAMS 0x0000000083b00000, 0x0000000083a00000| Untracked 
|  59|0x0000000083b00000, 0x0000000083c00000, 0x0000000083c00000|100%| O|  |TAMS 0x0000000083c00000, 0x0000000083b00000| Untracked 
|  60|0x0000000083c00000, 0x0000000083d00000, 0x0000000083d00000|100%| O|  |TAMS 0x0000000083d00000, 0x0000000083c00000| Untracked 
|  61|0x0000000083d00000, 0x0000000083e00000, 0x0000000083e00000|100%| O|  |TAMS 0x0000000083e00000, 0x0000000083d00000| Untracked 
|  62|0x0000000083e00000, 0x0000000083f00000, 0x0000000083f00000|100%| O|  |TAMS 0x0000000083f00000, 0x0000000083e00000| Untracked 
|  63|0x0000000083f00000, 0x0000000084000000, 0x0000000084000000|100%| O|  |TAMS 0x0000000084000000, 0x0000000083f00000| Untracked 
|  64|0x0000000084000000, 0x0000000084100000, 0x0000000084100000|100%| O|  |TAMS 0x0000000084100000, 0x0000000084000000| Untracked 
|  65|0x0000000084100000, 0x0000000084200000, 0x0000000084200000|100%| O|  |TAMS 0x0000000084200000, 0x0000000084100000| Untracked 
|  66|0x0000000084200000, 0x0000000084300000, 0x0000000084300000|100%| O|  |TAMS 0x0000000084300000, 0x0000000084200000| Untracked 
|  67|0x0000000084300000, 0x0000000084400000, 0x0000000084400000|100%| O|  |TAMS 0x0000000084400000, 0x0000000084300000| Untracked 
|  68|0x0000000084400000, 0x0000000084500000, 0x0000000084500000|100%| O|  |TAMS 0x0000000084500000, 0x0000000084400000| Untracked 
|  69|0x0000000084500000, 0x0000000084600000, 0x0000000084600000|100%| O|  |TAMS 0x0000000084600000, 0x0000000084500000| Untracked 
|  70|0x0000000084600000, 0x0000000084700000, 0x0000000084700000|100%| O|  |TAMS 0x0000000084700000, 0x0000000084600000| Untracked 
|  71|0x0000000084700000, 0x0000000084800000, 0x0000000084800000|100%| O|  |TAMS 0x0000000084800000, 0x0000000084700000| Untracked 
|  72|0x0000000084800000, 0x0000000084900000, 0x0000000084900000|100%| O|  |TAMS 0x0000000084900000, 0x0000000084800000| Untracked 
|  73|0x0000000084900000, 0x0000000084a00000, 0x0000000084a00000|100%| O|  |TAMS 0x0000000084a00000, 0x0000000084900000| Untracked 
|  74|0x0000000084a00000, 0x0000000084b00000, 0x0000000084b00000|100%| O|  |TAMS 0x0000000084b00000, 0x0000000084a00000| Untracked 
|  75|0x0000000084b00000, 0x0000000084c00000, 0x0000000084c00000|100%| O|  |TAMS 0x0000000084c00000, 0x0000000084b00000| Untracked 
|  76|0x0000000084c00000, 0x0000000084d00000, 0x0000000084d00000|100%| O|  |TAMS 0x0000000084d00000, 0x0000000084c00000| Untracked 
|  77|0x0000000084d00000, 0x0000000084e00000, 0x0000000084e00000|100%| O|  |TAMS 0x0000000084e00000, 0x0000000084d00000| Untracked 
|  78|0x0000000084e00000, 0x0000000084f00000, 0x0000000084f00000|100%| O|  |TAMS 0x0000000084f00000, 0x0000000084e00000| Untracked 
|  79|0x0000000084f00000, 0x0000000085000000, 0x0000000085000000|100%| O|  |TAMS 0x0000000085000000, 0x0000000084f00000| Untracked 
|  80|0x0000000085000000, 0x0000000085100000, 0x0000000085100000|100%| O|  |TAMS 0x0000000085100000, 0x0000000085000000| Untracked 
|  81|0x0000000085100000, 0x0000000085200000, 0x0000000085200000|100%| O|  |TAMS 0x0000000085200000, 0x0000000085100000| Untracked 
|  82|0x0000000085200000, 0x0000000085300000, 0x0000000085300000|100%| O|  |TAMS 0x0000000085300000, 0x0000000085200000| Untracked 
|  83|0x0000000085300000, 0x0000000085400000, 0x0000000085400000|100%| O|  |TAMS 0x0000000085400000, 0x0000000085300000| Untracked 
|  84|0x0000000085400000, 0x0000000085500000, 0x0000000085500000|100%| O|  |TAMS 0x0000000085500000, 0x0000000085400000| Untracked 
|  85|0x0000000085500000, 0x0000000085600000, 0x0000000085600000|100%| O|  |TAMS 0x0000000085600000, 0x0000000085500000| Untracked 
|  86|0x0000000085600000, 0x0000000085700000, 0x0000000085700000|100%| O|  |TAMS 0x0000000085700000, 0x0000000085600000| Untracked 
|  87|0x0000000085700000, 0x0000000085800000, 0x0000000085800000|100%| O|  |TAMS 0x0000000085800000, 0x0000000085700000| Untracked 
|  88|0x0000000085800000, 0x0000000085900000, 0x0000000085900000|100%| O|  |TAMS 0x0000000085900000, 0x0000000085800000| Untracked 
|  89|0x0000000085900000, 0x0000000085a00000, 0x0000000085a00000|100%| O|  |TAMS 0x0000000085a00000, 0x0000000085900000| Untracked 
|  90|0x0000000085a00000, 0x0000000085b00000, 0x0000000085b00000|100%| O|  |TAMS 0x0000000085b00000, 0x0000000085a00000| Untracked 
|  91|0x0000000085b00000, 0x0000000085c00000, 0x0000000085c00000|100%| O|  |TAMS 0x0000000085c00000, 0x0000000085b00000| Untracked 
|  92|0x0000000085c00000, 0x0000000085d00000, 0x0000000085d00000|100%| O|  |TAMS 0x0000000085d00000, 0x0000000085c00000| Untracked 
|  93|0x0000000085d00000, 0x0000000085e00000, 0x0000000085e00000|100%| O|  |TAMS 0x0000000085e00000, 0x0000000085d00000| Untracked 
|  94|0x0000000085e00000, 0x0000000085f00000, 0x0000000085f00000|100%| O|  |TAMS 0x0000000085f00000, 0x0000000085e00000| Untracked 
|  95|0x0000000085f00000, 0x0000000086000000, 0x0000000086000000|100%| O|  |TAMS 0x0000000086000000, 0x0000000085f00000| Untracked 
|  96|0x0000000086000000, 0x0000000086100000, 0x0000000086100000|100%| O|  |TAMS 0x0000000086100000, 0x0000000086000000| Untracked 
|  97|0x0000000086100000, 0x0000000086200000, 0x0000000086200000|100%| O|  |TAMS 0x0000000086200000, 0x0000000086100000| Untracked 
|  98|0x0000000086200000, 0x0000000086300000, 0x0000000086300000|100%| O|  |TAMS 0x0000000086300000, 0x0000000086200000| Untracked 
|  99|0x0000000086300000, 0x0000000086400000, 0x0000000086400000|100%| O|  |TAMS 0x0000000086400000, 0x0000000086300000| Untracked 
| 100|0x0000000086400000, 0x0000000086500000, 0x0000000086500000|100%| O|  |TAMS 0x0000000086500000, 0x0000000086400000| Untracked 
| 101|0x0000000086500000, 0x0000000086600000, 0x0000000086600000|100%| O|  |TAMS 0x0000000086600000, 0x0000000086500000| Untracked 
| 102|0x0000000086600000, 0x0000000086700000, 0x0000000086700000|100%| O|  |TAMS 0x0000000086700000, 0x0000000086600000| Untracked 
| 103|0x0000000086700000, 0x0000000086800000, 0x0000000086800000|100%| O|  |TAMS 0x0000000086800000, 0x0000000086700000| Untracked 
| 104|0x0000000086800000, 0x0000000086900000, 0x0000000086900000|100%| O|  |TAMS 0x0000000086900000, 0x0000000086800000| Untracked 
| 105|0x0000000086900000, 0x0000000086a00000, 0x0000000086a00000|100%| O|  |TAMS 0x0000000086a00000, 0x0000000086900000| Untracked 
| 106|0x0000000086a00000, 0x0000000086b00000, 0x0000000086b00000|100%| O|  |TAMS 0x0000000086b00000, 0x0000000086a00000| Untracked 
| 107|0x0000000086b00000, 0x0000000086c00000, 0x0000000086c00000|100%| O|  |TAMS 0x0000000086c00000, 0x0000000086b00000| Untracked 
| 108|0x0000000086c00000, 0x0000000086d00000, 0x0000000086d00000|100%| O|  |TAMS 0x0000000086d00000, 0x0000000086c00000| Untracked 
| 109|0x0000000086d00000, 0x0000000086e00000, 0x0000000086e00000|100%| O|  |TAMS 0x0000000086e00000, 0x0000000086d00000| Untracked 
| 110|0x0000000086e00000, 0x0000000086f00000, 0x0000000086f00000|100%| O|  |TAMS 0x0000000086f00000, 0x0000000086e00000| Untracked 
| 111|0x0000000086f00000, 0x0000000087000000, 0x0000000087000000|100%| O|  |TAMS 0x0000000087000000, 0x0000000086f00000| Untracked 
| 112|0x0000000087000000, 0x0000000087100000, 0x0000000087100000|100%| O|  |TAMS 0x0000000087100000, 0x0000000087000000| Untracked 
| 113|0x0000000087100000, 0x0000000087200000, 0x0000000087200000|100%| O|  |TAMS 0x0000000087200000, 0x0000000087100000| Untracked 
| 114|0x0000000087200000, 0x0000000087300000, 0x0000000087300000|100%| O|  |TAMS 0x0000000087300000, 0x0000000087200000| Untracked 
| 115|0x0000000087300000, 0x0000000087400000, 0x0000000087400000|100%| O|  |TAMS 0x0000000087400000, 0x0000000087300000| Untracked 
| 116|0x0000000087400000, 0x0000000087500000, 0x0000000087500000|100%| O|  |TAMS 0x0000000087500000, 0x0000000087400000| Untracked 
| 117|0x0000000087500000, 0x0000000087600000, 0x0000000087600000|100%| O|  |TAMS 0x0000000087600000, 0x0000000087500000| Untracked 
| 118|0x0000000087600000, 0x0000000087700000, 0x0000000087700000|100%| O|  |TAMS 0x0000000087700000, 0x0000000087600000| Untracked 
| 119|0x0000000087700000, 0x0000000087800000, 0x0000000087800000|100%| O|  |TAMS 0x0000000087800000, 0x0000000087700000| Untracked 
| 120|0x0000000087800000, 0x0000000087900000, 0x0000000087900000|100%| O|  |TAMS 0x0000000087845600, 0x0000000087800000| Untracked 
| 121|0x0000000087900000, 0x0000000087a00000, 0x0000000087a00000|100%| O|  |TAMS 0x0000000087900000, 0x0000000087900000| Untracked 
| 122|0x0000000087a00000, 0x0000000087aa4800, 0x0000000087b00000| 64%| O|  |TAMS 0x0000000087a00000, 0x0000000087a00000| Untracked 
| 123|0x0000000087b00000, 0x0000000087b00000, 0x0000000087c00000|  0%| F|  |TAMS 0x0000000087b00000, 0x0000000087b00000| Untracked 
| 124|0x0000000087c00000, 0x0000000087c00000, 0x0000000087d00000|  0%| F|  |TAMS 0x0000000087c00000, 0x0000000087c00000| Untracked 
| 125|0x0000000087d00000, 0x0000000087d00000, 0x0000000087e00000|  0%| F|  |TAMS 0x0000000087d00000, 0x0000000087d00000| Untracked 
| 126|0x0000000087e00000, 0x0000000087e00000, 0x0000000087f00000|  0%| F|  |TAMS 0x0000000087e00000, 0x0000000087e00000| Untracked 
| 127|0x0000000087f00000, 0x0000000087f00000, 0x0000000088000000|  0%| F|  |TAMS 0x0000000087f00000, 0x0000000087f00000| Untracked 
| 128|0x0000000088000000, 0x0000000088000000, 0x0000000088100000|  0%| F|  |TAMS 0x0000000088000000, 0x0000000088000000| Untracked 
| 129|0x0000000088100000, 0x0000000088100000, 0x0000000088200000|  0%| F|  |TAMS 0x0000000088100000, 0x0000000088100000| Untracked 
| 130|0x0000000088200000, 0x0000000088200000, 0x0000000088300000|  0%| F|  |TAMS 0x0000000088200000, 0x0000000088200000| Untracked 
| 131|0x0000000088300000, 0x0000000088300000, 0x0000000088400000|  0%| F|  |TAMS 0x0000000088300000, 0x0000000088300000| Untracked 
| 132|0x0000000088400000, 0x0000000088400000, 0x0000000088500000|  0%| F|  |TAMS 0x0000000088400000, 0x0000000088400000| Untracked 
| 133|0x0000000088500000, 0x0000000088500000, 0x0000000088600000|  0%| F|  |TAMS 0x0000000088500000, 0x0000000088500000| Untracked 
| 134|0x0000000088600000, 0x0000000088600000, 0x0000000088700000|  0%| F|  |TAMS 0x0000000088600000, 0x0000000088600000| Untracked 
| 135|0x0000000088700000, 0x0000000088700000, 0x0000000088800000|  0%| F|  |TAMS 0x0000000088700000, 0x0000000088700000| Untracked 
| 136|0x0000000088800000, 0x0000000088800000, 0x0000000088900000|  0%| F|  |TAMS 0x0000000088800000, 0x0000000088800000| Untracked 
| 137|0x0000000088900000, 0x0000000088900000, 0x0000000088a00000|  0%| F|  |TAMS 0x0000000088900000, 0x0000000088900000| Untracked 
| 138|0x0000000088a00000, 0x0000000088a00000, 0x0000000088b00000|  0%| F|  |TAMS 0x0000000088a00000, 0x0000000088a00000| Untracked 
| 139|0x0000000088b00000, 0x0000000088b00000, 0x0000000088c00000|  0%| F|  |TAMS 0x0000000088b00000, 0x0000000088b00000| Untracked 
| 140|0x0000000088c00000, 0x0000000088c00000, 0x0000000088d00000|  0%| F|  |TAMS 0x0000000088c00000, 0x0000000088c00000| Untracked 
| 141|0x0000000088d00000, 0x0000000088d00000, 0x0000000088e00000|  0%| F|  |TAMS 0x0000000088d00000, 0x0000000088d00000| Untracked 
| 142|0x0000000088e00000, 0x0000000088e00000, 0x0000000088f00000|  0%| F|  |TAMS 0x0000000088e00000, 0x0000000088e00000| Untracked 
| 143|0x0000000088f00000, 0x0000000088f00000, 0x0000000089000000|  0%| F|  |TAMS 0x0000000088f00000, 0x0000000088f00000| Untracked 
| 144|0x0000000089000000, 0x0000000089000000, 0x0000000089100000|  0%| F|  |TAMS 0x0000000089000000, 0x0000000089000000| Untracked 
| 145|0x0000000089100000, 0x0000000089100000, 0x0000000089200000|  0%| F|  |TAMS 0x0000000089100000, 0x0000000089100000| Untracked 
| 146|0x0000000089200000, 0x0000000089200000, 0x0000000089300000|  0%| F|  |TAMS 0x0000000089200000, 0x0000000089200000| Untracked 
| 147|0x0000000089300000, 0x0000000089300000, 0x0000000089400000|  0%| F|  |TAMS 0x0000000089300000, 0x0000000089300000| Untracked 
| 148|0x0000000089400000, 0x0000000089400000, 0x0000000089500000|  0%| F|  |TAMS 0x0000000089400000, 0x0000000089400000| Untracked 
| 149|0x0000000089500000, 0x0000000089500000, 0x0000000089600000|  0%| F|  |TAMS 0x0000000089500000, 0x0000000089500000| Untracked 
| 150|0x0000000089600000, 0x0000000089600000, 0x0000000089700000|  0%| F|  |TAMS 0x0000000089600000, 0x0000000089600000| Untracked 
| 151|0x0000000089700000, 0x0000000089700000, 0x0000000089800000|  0%| F|  |TAMS 0x0000000089700000, 0x0000000089700000| Untracked 
| 152|0x0000000089800000, 0x0000000089800000, 0x0000000089900000|  0%| F|  |TAMS 0x0000000089800000, 0x0000000089800000| Untracked 
| 153|0x0000000089900000, 0x0000000089900000, 0x0000000089a00000|  0%| F|  |TAMS 0x0000000089900000, 0x0000000089900000| Untracked 
| 154|0x0000000089a00000, 0x0000000089a00000, 0x0000000089b00000|  0%| F|  |TAMS 0x0000000089a00000, 0x0000000089a00000| Untracked 
| 155|0x0000000089b00000, 0x0000000089b00000, 0x0000000089c00000|  0%| F|  |TAMS 0x0000000089b00000, 0x0000000089b00000| Untracked 
| 156|0x0000000089c00000, 0x0000000089c00000, 0x0000000089d00000|  0%| F|  |TAMS 0x0000000089c00000, 0x0000000089c00000| Untracked 
| 157|0x0000000089d00000, 0x0000000089d00000, 0x0000000089e00000|  0%| F|  |TAMS 0x0000000089d00000, 0x0000000089d00000| Untracked 
| 158|0x0000000089e00000, 0x0000000089e00000, 0x0000000089f00000|  0%| F|  |TAMS 0x0000000089e00000, 0x0000000089e00000| Untracked 
| 159|0x0000000089f00000, 0x0000000089f00000, 0x000000008a000000|  0%| F|  |TAMS 0x0000000089f00000, 0x0000000089f00000| Untracked 
| 160|0x000000008a000000, 0x000000008a000000, 0x000000008a100000|  0%| F|  |TAMS 0x000000008a000000, 0x000000008a000000| Untracked 
| 161|0x000000008a100000, 0x000000008a100000, 0x000000008a200000|  0%| F|  |TAMS 0x000000008a100000, 0x000000008a100000| Untracked 
| 162|0x000000008a200000, 0x000000008a200000, 0x000000008a300000|  0%| F|  |TAMS 0x000000008a200000, 0x000000008a200000| Untracked 
| 163|0x000000008a300000, 0x000000008a300000, 0x000000008a400000|  0%| F|  |TAMS 0x000000008a300000, 0x000000008a300000| Untracked 
| 164|0x000000008a400000, 0x000000008a400000, 0x000000008a500000|  0%| F|  |TAMS 0x000000008a400000, 0x000000008a400000| Untracked 
| 165|0x000000008a500000, 0x000000008a500000, 0x000000008a600000|  0%| F|  |TAMS 0x000000008a500000, 0x000000008a500000| Untracked 
| 166|0x000000008a600000, 0x000000008a600000, 0x000000008a700000|  0%| F|  |TAMS 0x000000008a600000, 0x000000008a600000| Untracked 
| 167|0x000000008a700000, 0x000000008a700000, 0x000000008a800000|  0%| F|  |TAMS 0x000000008a700000, 0x000000008a700000| Untracked 
| 168|0x000000008a800000, 0x000000008a800000, 0x000000008a900000|  0%| F|  |TAMS 0x000000008a800000, 0x000000008a800000| Untracked 
| 169|0x000000008a900000, 0x000000008a900000, 0x000000008aa00000|  0%| F|  |TAMS 0x000000008a900000, 0x000000008a900000| Untracked 
| 170|0x000000008aa00000, 0x000000008aa00000, 0x000000008ab00000|  0%| F|  |TAMS 0x000000008aa00000, 0x000000008aa00000| Untracked 
| 171|0x000000008ab00000, 0x000000008ab00000, 0x000000008ac00000|  0%| F|  |TAMS 0x000000008ab00000, 0x000000008ab00000| Untracked 
| 172|0x000000008ac00000, 0x000000008ac00000, 0x000000008ad00000|  0%| F|  |TAMS 0x000000008ac00000, 0x000000008ac00000| Untracked 
| 173|0x000000008ad00000, 0x000000008ad00000, 0x000000008ae00000|  0%| F|  |TAMS 0x000000008ad00000, 0x000000008ad00000| Untracked 
| 174|0x000000008ae00000, 0x000000008ae00000, 0x000000008af00000|  0%| F|  |TAMS 0x000000008ae00000, 0x000000008ae00000| Untracked 
| 175|0x000000008af00000, 0x000000008af00000, 0x000000008b000000|  0%| F|  |TAMS 0x000000008af00000, 0x000000008af00000| Untracked 
| 176|0x000000008b000000, 0x000000008b000000, 0x000000008b100000|  0%| F|  |TAMS 0x000000008b000000, 0x000000008b000000| Untracked 
| 177|0x000000008b100000, 0x000000008b100000, 0x000000008b200000|  0%| F|  |TAMS 0x000000008b100000, 0x000000008b100000| Untracked 
| 178|0x000000008b200000, 0x000000008b200000, 0x000000008b300000|  0%| F|  |TAMS 0x000000008b200000, 0x000000008b200000| Untracked 
| 179|0x000000008b300000, 0x000000008b300000, 0x000000008b400000|  0%| F|  |TAMS 0x000000008b300000, 0x000000008b300000| Untracked 
| 180|0x000000008b400000, 0x000000008b400000, 0x000000008b500000|  0%| F|  |TAMS 0x000000008b400000, 0x000000008b400000| Untracked 
| 181|0x000000008b500000, 0x000000008b500000, 0x000000008b600000|  0%| F|  |TAMS 0x000000008b500000, 0x000000008b500000| Untracked 
| 182|0x000000008b600000, 0x000000008b600000, 0x000000008b700000|  0%| F|  |TAMS 0x000000008b600000, 0x000000008b600000| Untracked 
| 183|0x000000008b700000, 0x000000008b700000, 0x000000008b800000|  0%| F|  |TAMS 0x000000008b700000, 0x000000008b700000| Untracked 
| 184|0x000000008b800000, 0x000000008b800000, 0x000000008b900000|  0%| F|  |TAMS 0x000000008b800000, 0x000000008b800000| Untracked 
| 185|0x000000008b900000, 0x000000008b900000, 0x000000008ba00000|  0%| F|  |TAMS 0x000000008b900000, 0x000000008b900000| Untracked 
| 186|0x000000008ba00000, 0x000000008ba00000, 0x000000008bb00000|  0%| F|  |TAMS 0x000000008ba00000, 0x000000008ba00000| Untracked 
| 187|0x000000008bb00000, 0x000000008bb00000, 0x000000008bc00000|  0%| F|  |TAMS 0x000000008bb00000, 0x000000008bb00000| Untracked 
| 188|0x000000008bc00000, 0x000000008bc00000, 0x000000008bd00000|  0%| F|  |TAMS 0x000000008bc00000, 0x000000008bc00000| Untracked 
| 189|0x000000008bd00000, 0x000000008bd00000, 0x000000008be00000|  0%| F|  |TAMS 0x000000008bd00000, 0x000000008bd00000| Untracked 
| 190|0x000000008be00000, 0x000000008bee3760, 0x000000008bf00000| 88%| S|CS|TAMS 0x000000008be00000, 0x000000008be00000| Complete 
| 191|0x000000008bf00000, 0x000000008c000000, 0x000000008c000000|100%| S|CS|TAMS 0x000000008bf00000, 0x000000008bf00000| Complete 
| 192|0x000000008c000000, 0x000000008c100000, 0x000000008c100000|100%| S|CS|TAMS 0x000000008c000000, 0x000000008c000000| Complete 
| 193|0x000000008c100000, 0x000000008c200000, 0x000000008c200000|100%| S|CS|TAMS 0x000000008c100000, 0x000000008c100000| Complete 
| 194|0x000000008c200000, 0x000000008c300000, 0x000000008c300000|100%| S|CS|TAMS 0x000000008c200000, 0x000000008c200000| Complete 
| 195|0x000000008c300000, 0x000000008c400000, 0x000000008c400000|100%| S|CS|TAMS 0x000000008c300000, 0x000000008c300000| Complete 
| 196|0x000000008c400000, 0x000000008c500000, 0x000000008c500000|100%| S|CS|TAMS 0x000000008c400000, 0x000000008c400000| Complete 
| 197|0x000000008c500000, 0x000000008c600000, 0x000000008c600000|100%| S|CS|TAMS 0x000000008c500000, 0x000000008c500000| Complete 
| 198|0x000000008c600000, 0x000000008c600000, 0x000000008c700000|  0%| F|  |TAMS 0x000000008c600000, 0x000000008c600000| Untracked 
| 199|0x000000008c700000, 0x000000008c700000, 0x000000008c800000|  0%| F|  |TAMS 0x000000008c700000, 0x000000008c700000| Untracked 
| 200|0x000000008c800000, 0x000000008c800000, 0x000000008c900000|  0%| F|  |TAMS 0x000000008c800000, 0x000000008c800000| Untracked 
| 201|0x000000008c900000, 0x000000008c900000, 0x000000008ca00000|  0%| F|  |TAMS 0x000000008c900000, 0x000000008c900000| Untracked 
| 202|0x000000008ca00000, 0x000000008ca00000, 0x000000008cb00000|  0%| F|  |TAMS 0x000000008ca00000, 0x000000008ca00000| Untracked 
| 203|0x000000008cb00000, 0x000000008cb00000, 0x000000008cc00000|  0%| F|  |TAMS 0x000000008cb00000, 0x000000008cb00000| Untracked 
| 204|0x000000008cc00000, 0x000000008cc00000, 0x000000008cd00000|  0%| F|  |TAMS 0x000000008cc00000, 0x000000008cc00000| Untracked 
| 205|0x000000008cd00000, 0x000000008cd00000, 0x000000008ce00000|  0%| F|  |TAMS 0x000000008cd00000, 0x000000008cd00000| Untracked 
| 206|0x000000008ce00000, 0x000000008ce00000, 0x000000008cf00000|  0%| F|  |TAMS 0x000000008ce00000, 0x000000008ce00000| Untracked 
| 207|0x000000008cf00000, 0x000000008cf00000, 0x000000008d000000|  0%| F|  |TAMS 0x000000008cf00000, 0x000000008cf00000| Untracked 
| 208|0x000000008d000000, 0x000000008d000000, 0x000000008d100000|  0%| F|  |TAMS 0x000000008d000000, 0x000000008d000000| Untracked 
| 209|0x000000008d100000, 0x000000008d100000, 0x000000008d200000|  0%| F|  |TAMS 0x000000008d100000, 0x000000008d100000| Untracked 
| 210|0x000000008d200000, 0x000000008d200000, 0x000000008d300000|  0%| F|  |TAMS 0x000000008d200000, 0x000000008d200000| Untracked 
| 211|0x000000008d300000, 0x000000008d300000, 0x000000008d400000|  0%| F|  |TAMS 0x000000008d300000, 0x000000008d300000| Untracked 
| 212|0x000000008d400000, 0x000000008d400000, 0x000000008d500000|  0%| F|  |TAMS 0x000000008d400000, 0x000000008d400000| Untracked 
| 213|0x000000008d500000, 0x000000008d500000, 0x000000008d600000|  0%| F|  |TAMS 0x000000008d500000, 0x000000008d500000| Untracked 
| 214|0x000000008d600000, 0x000000008d600000, 0x000000008d700000|  0%| F|  |TAMS 0x000000008d600000, 0x000000008d600000| Untracked 
| 215|0x000000008d700000, 0x000000008d700000, 0x000000008d800000|  0%| F|  |TAMS 0x000000008d700000, 0x000000008d700000| Untracked 
| 216|0x000000008d800000, 0x000000008d800000, 0x000000008d900000|  0%| F|  |TAMS 0x000000008d800000, 0x000000008d800000| Untracked 
| 217|0x000000008d900000, 0x000000008d900000, 0x000000008da00000|  0%| F|  |TAMS 0x000000008d900000, 0x000000008d900000| Untracked 
| 218|0x000000008da00000, 0x000000008da00000, 0x000000008db00000|  0%| F|  |TAMS 0x000000008da00000, 0x000000008da00000| Untracked 
| 219|0x000000008db00000, 0x000000008db00000, 0x000000008dc00000|  0%| F|  |TAMS 0x000000008db00000, 0x000000008db00000| Untracked 
| 220|0x000000008dc00000, 0x000000008dc00000, 0x000000008dd00000|  0%| F|  |TAMS 0x000000008dc00000, 0x000000008dc00000| Untracked 
| 221|0x000000008dd00000, 0x000000008dd00000, 0x000000008de00000|  0%| F|  |TAMS 0x000000008dd00000, 0x000000008dd00000| Untracked 
| 222|0x000000008de00000, 0x000000008de00000, 0x000000008df00000|  0%| F|  |TAMS 0x000000008de00000, 0x000000008de00000| Untracked 
| 223|0x000000008df00000, 0x000000008df00000, 0x000000008e000000|  0%| F|  |TAMS 0x000000008df00000, 0x000000008df00000| Untracked 
| 224|0x000000008e000000, 0x000000008e000000, 0x000000008e100000|  0%| F|  |TAMS 0x000000008e000000, 0x000000008e000000| Untracked 
| 225|0x000000008e100000, 0x000000008e100000, 0x000000008e200000|  0%| F|  |TAMS 0x000000008e100000, 0x000000008e100000| Untracked 
| 226|0x000000008e200000, 0x000000008e200000, 0x000000008e300000|  0%| F|  |TAMS 0x000000008e200000, 0x000000008e200000| Untracked 
| 227|0x000000008e300000, 0x000000008e300000, 0x000000008e400000|  0%| F|  |TAMS 0x000000008e300000, 0x000000008e300000| Untracked 
| 228|0x000000008e400000, 0x000000008e400000, 0x000000008e500000|  0%| F|  |TAMS 0x000000008e400000, 0x000000008e400000| Untracked 
| 229|0x000000008e500000, 0x000000008e500000, 0x000000008e600000|  0%| F|  |TAMS 0x000000008e500000, 0x000000008e500000| Untracked 
| 230|0x000000008e600000, 0x000000008e600000, 0x000000008e700000|  0%| F|  |TAMS 0x000000008e600000, 0x000000008e600000| Untracked 
| 231|0x000000008e700000, 0x000000008e700000, 0x000000008e800000|  0%| F|  |TAMS 0x000000008e700000, 0x000000008e700000| Untracked 
| 232|0x000000008e800000, 0x000000008e800000, 0x000000008e900000|  0%| F|  |TAMS 0x000000008e800000, 0x000000008e800000| Untracked 
| 233|0x000000008e900000, 0x000000008e900000, 0x000000008ea00000|  0%| F|  |TAMS 0x000000008e900000, 0x000000008e900000| Untracked 
| 234|0x000000008ea00000, 0x000000008ea00000, 0x000000008eb00000|  0%| F|  |TAMS 0x000000008ea00000, 0x000000008ea00000| Untracked 
| 235|0x000000008eb00000, 0x000000008eb00000, 0x000000008ec00000|  0%| F|  |TAMS 0x000000008eb00000, 0x000000008eb00000| Untracked 
| 236|0x000000008ec00000, 0x000000008ec00000, 0x000000008ed00000|  0%| F|  |TAMS 0x000000008ec00000, 0x000000008ec00000| Untracked 
| 237|0x000000008ed00000, 0x000000008ed00000, 0x000000008ee00000|  0%| F|  |TAMS 0x000000008ed00000, 0x000000008ed00000| Untracked 
| 238|0x000000008ee00000, 0x000000008ee00000, 0x000000008ef00000|  0%| F|  |TAMS 0x000000008ee00000, 0x000000008ee00000| Untracked 
| 239|0x000000008ef00000, 0x000000008ef00000, 0x000000008f000000|  0%| F|  |TAMS 0x000000008ef00000, 0x000000008ef00000| Untracked 
| 240|0x000000008f000000, 0x000000008f000000, 0x000000008f100000|  0%| F|  |TAMS 0x000000008f000000, 0x000000008f000000| Untracked 
| 241|0x000000008f100000, 0x000000008f100000, 0x000000008f200000|  0%| F|  |TAMS 0x000000008f100000, 0x000000008f100000| Untracked 
| 242|0x000000008f200000, 0x000000008f200000, 0x000000008f300000|  0%| F|  |TAMS 0x000000008f200000, 0x000000008f200000| Untracked 
| 243|0x000000008f300000, 0x000000008f300000, 0x000000008f400000|  0%| F|  |TAMS 0x000000008f300000, 0x000000008f300000| Untracked 
| 244|0x000000008f400000, 0x000000008f400000, 0x000000008f500000|  0%| F|  |TAMS 0x000000008f400000, 0x000000008f400000| Untracked 
| 245|0x000000008f500000, 0x000000008f500000, 0x000000008f600000|  0%| F|  |TAMS 0x000000008f500000, 0x000000008f500000| Untracked 
| 246|0x000000008f600000, 0x000000008f600000, 0x000000008f700000|  0%| F|  |TAMS 0x000000008f600000, 0x000000008f600000| Untracked 
| 247|0x000000008f700000, 0x000000008f700000, 0x000000008f800000|  0%| F|  |TAMS 0x000000008f700000, 0x000000008f700000| Untracked 
| 248|0x000000008f800000, 0x000000008f800000, 0x000000008f900000|  0%| F|  |TAMS 0x000000008f800000, 0x000000008f800000| Untracked 
| 249|0x000000008f900000, 0x000000008f900000, 0x000000008fa00000|  0%| F|  |TAMS 0x000000008f900000, 0x000000008f900000| Untracked 
| 250|0x000000008fa00000, 0x000000008fa00000, 0x000000008fb00000|  0%| F|  |TAMS 0x000000008fa00000, 0x000000008fa00000| Untracked 
| 251|0x000000008fb00000, 0x000000008fb00000, 0x000000008fc00000|  0%| F|  |TAMS 0x000000008fb00000, 0x000000008fb00000| Untracked 
| 252|0x000000008fc00000, 0x000000008fc00000, 0x000000008fd00000|  0%| F|  |TAMS 0x000000008fc00000, 0x000000008fc00000| Untracked 
| 253|0x000000008fd00000, 0x000000008fd00000, 0x000000008fe00000|  0%| F|  |TAMS 0x000000008fd00000, 0x000000008fd00000| Untracked 
| 254|0x000000008fe00000, 0x000000008fe00000, 0x000000008ff00000|  0%| F|  |TAMS 0x000000008fe00000, 0x000000008fe00000| Untracked 
| 255|0x000000008ff00000, 0x000000008ff00000, 0x0000000090000000|  0%| F|  |TAMS 0x000000008ff00000, 0x000000008ff00000| Untracked 
| 256|0x0000000090000000, 0x0000000090000000, 0x0000000090100000|  0%| F|  |TAMS 0x0000000090000000, 0x0000000090000000| Untracked 
| 257|0x0000000090100000, 0x0000000090100000, 0x0000000090200000|  0%| F|  |TAMS 0x0000000090100000, 0x0000000090100000| Untracked 
| 258|0x0000000090200000, 0x0000000090200000, 0x0000000090300000|  0%| F|  |TAMS 0x0000000090200000, 0x0000000090200000| Untracked 
| 259|0x0000000090300000, 0x0000000090300000, 0x0000000090400000|  0%| F|  |TAMS 0x0000000090300000, 0x0000000090300000| Untracked 
| 260|0x0000000090400000, 0x0000000090400000, 0x0000000090500000|  0%| F|  |TAMS 0x0000000090400000, 0x0000000090400000| Untracked 
| 261|0x0000000090500000, 0x0000000090500000, 0x0000000090600000|  0%| F|  |TAMS 0x0000000090500000, 0x0000000090500000| Untracked 
| 262|0x0000000090600000, 0x0000000090600000, 0x0000000090700000|  0%| F|  |TAMS 0x0000000090600000, 0x0000000090600000| Untracked 
| 263|0x0000000090700000, 0x0000000090700000, 0x0000000090800000|  0%| F|  |TAMS 0x0000000090700000, 0x0000000090700000| Untracked 
| 264|0x0000000090800000, 0x0000000090800000, 0x0000000090900000|  0%| F|  |TAMS 0x0000000090800000, 0x0000000090800000| Untracked 
| 265|0x0000000090900000, 0x0000000090900000, 0x0000000090a00000|  0%| F|  |TAMS 0x0000000090900000, 0x0000000090900000| Untracked 
| 266|0x0000000090a00000, 0x0000000090a00000, 0x0000000090b00000|  0%| F|  |TAMS 0x0000000090a00000, 0x0000000090a00000| Untracked 
| 267|0x0000000090b00000, 0x0000000090b00000, 0x0000000090c00000|  0%| F|  |TAMS 0x0000000090b00000, 0x0000000090b00000| Untracked 
| 268|0x0000000090c00000, 0x0000000090c00000, 0x0000000090d00000|  0%| F|  |TAMS 0x0000000090c00000, 0x0000000090c00000| Untracked 
| 269|0x0000000090d00000, 0x0000000090d00000, 0x0000000090e00000|  0%| F|  |TAMS 0x0000000090d00000, 0x0000000090d00000| Untracked 
| 270|0x0000000090e00000, 0x0000000090e00000, 0x0000000090f00000|  0%| F|  |TAMS 0x0000000090e00000, 0x0000000090e00000| Untracked 
| 271|0x0000000090f00000, 0x0000000090f00000, 0x0000000091000000|  0%| F|  |TAMS 0x0000000090f00000, 0x0000000090f00000| Untracked 
| 272|0x0000000091000000, 0x0000000091000000, 0x0000000091100000|  0%| F|  |TAMS 0x0000000091000000, 0x0000000091000000| Untracked 
| 273|0x0000000091100000, 0x0000000091100000, 0x0000000091200000|  0%| F|  |TAMS 0x0000000091100000, 0x0000000091100000| Untracked 
| 274|0x0000000091200000, 0x0000000091200000, 0x0000000091300000|  0%| F|  |TAMS 0x0000000091200000, 0x0000000091200000| Untracked 
| 275|0x0000000091300000, 0x0000000091300000, 0x0000000091400000|  0%| F|  |TAMS 0x0000000091300000, 0x0000000091300000| Untracked 
| 276|0x0000000091400000, 0x0000000091400000, 0x0000000091500000|  0%| F|  |TAMS 0x0000000091400000, 0x0000000091400000| Untracked 
| 277|0x0000000091500000, 0x0000000091500000, 0x0000000091600000|  0%| F|  |TAMS 0x0000000091500000, 0x0000000091500000| Untracked 
| 278|0x0000000091600000, 0x0000000091600000, 0x0000000091700000|  0%| F|  |TAMS 0x0000000091600000, 0x0000000091600000| Untracked 
| 279|0x0000000091700000, 0x0000000091700000, 0x0000000091800000|  0%| F|  |TAMS 0x0000000091700000, 0x0000000091700000| Untracked 
| 280|0x0000000091800000, 0x0000000091800000, 0x0000000091900000|  0%| F|  |TAMS 0x0000000091800000, 0x0000000091800000| Untracked 
| 281|0x0000000091900000, 0x0000000091900000, 0x0000000091a00000|  0%| F|  |TAMS 0x0000000091900000, 0x0000000091900000| Untracked 
| 282|0x0000000091a00000, 0x0000000091a00000, 0x0000000091b00000|  0%| F|  |TAMS 0x0000000091a00000, 0x0000000091a00000| Untracked 
| 283|0x0000000091b00000, 0x0000000091b00000, 0x0000000091c00000|  0%| F|  |TAMS 0x0000000091b00000, 0x0000000091b00000| Untracked 
| 284|0x0000000091c00000, 0x0000000091c00000, 0x0000000091d00000|  0%| F|  |TAMS 0x0000000091c00000, 0x0000000091c00000| Untracked 
| 285|0x0000000091d00000, 0x0000000091d00000, 0x0000000091e00000|  0%| F|  |TAMS 0x0000000091d00000, 0x0000000091d00000| Untracked 
| 286|0x0000000091e00000, 0x0000000091e00000, 0x0000000091f00000|  0%| F|  |TAMS 0x0000000091e00000, 0x0000000091e00000| Untracked 
| 287|0x0000000091f00000, 0x0000000091f00000, 0x0000000092000000|  0%| F|  |TAMS 0x0000000091f00000, 0x0000000091f00000| Untracked 
| 288|0x0000000092000000, 0x0000000092000000, 0x0000000092100000|  0%| F|  |TAMS 0x0000000092000000, 0x0000000092000000| Untracked 
| 289|0x0000000092100000, 0x0000000092100000, 0x0000000092200000|  0%| F|  |TAMS 0x0000000092100000, 0x0000000092100000| Untracked 
| 290|0x0000000092200000, 0x0000000092200000, 0x0000000092300000|  0%| F|  |TAMS 0x0000000092200000, 0x0000000092200000| Untracked 
| 291|0x0000000092300000, 0x0000000092300000, 0x0000000092400000|  0%| F|  |TAMS 0x0000000092300000, 0x0000000092300000| Untracked 
| 292|0x0000000092400000, 0x0000000092400000, 0x0000000092500000|  0%| F|  |TAMS 0x0000000092400000, 0x0000000092400000| Untracked 
| 293|0x0000000092500000, 0x0000000092500000, 0x0000000092600000|  0%| F|  |TAMS 0x0000000092500000, 0x0000000092500000| Untracked 
| 294|0x0000000092600000, 0x0000000092600000, 0x0000000092700000|  0%| F|  |TAMS 0x0000000092600000, 0x0000000092600000| Untracked 
| 295|0x0000000092700000, 0x0000000092700000, 0x0000000092800000|  0%| F|  |TAMS 0x0000000092700000, 0x0000000092700000| Untracked 
| 296|0x0000000092800000, 0x0000000092800000, 0x0000000092900000|  0%| F|  |TAMS 0x0000000092800000, 0x0000000092800000| Untracked 
| 297|0x0000000092900000, 0x0000000092900000, 0x0000000092a00000|  0%| F|  |TAMS 0x0000000092900000, 0x0000000092900000| Untracked 
| 298|0x0000000092a00000, 0x0000000092a00000, 0x0000000092b00000|  0%| F|  |TAMS 0x0000000092a00000, 0x0000000092a00000| Untracked 
| 299|0x0000000092b00000, 0x0000000092b00000, 0x0000000092c00000|  0%| F|  |TAMS 0x0000000092b00000, 0x0000000092b00000| Untracked 
| 300|0x0000000092c00000, 0x0000000092c00000, 0x0000000092d00000|  0%| F|  |TAMS 0x0000000092c00000, 0x0000000092c00000| Untracked 
| 301|0x0000000092d00000, 0x0000000092d00000, 0x0000000092e00000|  0%| F|  |TAMS 0x0000000092d00000, 0x0000000092d00000| Untracked 
| 302|0x0000000092e00000, 0x0000000092e00000, 0x0000000092f00000|  0%| F|  |TAMS 0x0000000092e00000, 0x0000000092e00000| Untracked 
| 303|0x0000000092f00000, 0x0000000092f00000, 0x0000000093000000|  0%| F|  |TAMS 0x0000000092f00000, 0x0000000092f00000| Untracked 
| 304|0x0000000093000000, 0x0000000093000000, 0x0000000093100000|  0%| F|  |TAMS 0x0000000093000000, 0x0000000093000000| Untracked 
| 305|0x0000000093100000, 0x0000000093100000, 0x0000000093200000|  0%| F|  |TAMS 0x0000000093100000, 0x0000000093100000| Untracked 
| 306|0x0000000093200000, 0x0000000093200000, 0x0000000093300000|  0%| F|  |TAMS 0x0000000093200000, 0x0000000093200000| Untracked 
| 307|0x0000000093300000, 0x0000000093300000, 0x0000000093400000|  0%| F|  |TAMS 0x0000000093300000, 0x0000000093300000| Untracked 
| 308|0x0000000093400000, 0x0000000093400000, 0x0000000093500000|  0%| F|  |TAMS 0x0000000093400000, 0x0000000093400000| Untracked 
| 309|0x0000000093500000, 0x0000000093500000, 0x0000000093600000|  0%| F|  |TAMS 0x0000000093500000, 0x0000000093500000| Untracked 
| 310|0x0000000093600000, 0x0000000093600000, 0x0000000093700000|  0%| F|  |TAMS 0x0000000093600000, 0x0000000093600000| Untracked 
| 311|0x0000000093700000, 0x0000000093700000, 0x0000000093800000|  0%| F|  |TAMS 0x0000000093700000, 0x0000000093700000| Untracked 
| 312|0x0000000093800000, 0x0000000093800000, 0x0000000093900000|  0%| F|  |TAMS 0x0000000093800000, 0x0000000093800000| Untracked 
| 313|0x0000000093900000, 0x0000000093900000, 0x0000000093a00000|  0%| F|  |TAMS 0x0000000093900000, 0x0000000093900000| Untracked 
| 314|0x0000000093a00000, 0x0000000093a00000, 0x0000000093b00000|  0%| F|  |TAMS 0x0000000093a00000, 0x0000000093a00000| Untracked 
| 315|0x0000000093b00000, 0x0000000093b00000, 0x0000000093c00000|  0%| F|  |TAMS 0x0000000093b00000, 0x0000000093b00000| Untracked 
| 316|0x0000000093c00000, 0x0000000093c00000, 0x0000000093d00000|  0%| F|  |TAMS 0x0000000093c00000, 0x0000000093c00000| Untracked 
| 317|0x0000000093d00000, 0x0000000093d00000, 0x0000000093e00000|  0%| F|  |TAMS 0x0000000093d00000, 0x0000000093d00000| Untracked 
| 318|0x0000000093e00000, 0x0000000093e00000, 0x0000000093f00000|  0%| F|  |TAMS 0x0000000093e00000, 0x0000000093e00000| Untracked 
| 319|0x0000000093f00000, 0x0000000093f00000, 0x0000000094000000|  0%| F|  |TAMS 0x0000000093f00000, 0x0000000093f00000| Untracked 
| 320|0x0000000094000000, 0x0000000094000000, 0x0000000094100000|  0%| F|  |TAMS 0x0000000094000000, 0x0000000094000000| Untracked 
| 321|0x0000000094100000, 0x0000000094100000, 0x0000000094200000|  0%| F|  |TAMS 0x0000000094100000, 0x0000000094100000| Untracked 
| 322|0x0000000094200000, 0x0000000094200000, 0x0000000094300000|  0%| F|  |TAMS 0x0000000094200000, 0x0000000094200000| Untracked 
| 323|0x0000000094300000, 0x0000000094300000, 0x0000000094400000|  0%| F|  |TAMS 0x0000000094300000, 0x0000000094300000| Untracked 
| 324|0x0000000094400000, 0x0000000094400000, 0x0000000094500000|  0%| F|  |TAMS 0x0000000094400000, 0x0000000094400000| Untracked 
| 325|0x0000000094500000, 0x0000000094500000, 0x0000000094600000|  0%| F|  |TAMS 0x0000000094500000, 0x0000000094500000| Untracked 
| 326|0x0000000094600000, 0x0000000094600000, 0x0000000094700000|  0%| F|  |TAMS 0x0000000094600000, 0x0000000094600000| Untracked 
| 327|0x0000000094700000, 0x0000000094700000, 0x0000000094800000|  0%| F|  |TAMS 0x0000000094700000, 0x0000000094700000| Untracked 
| 328|0x0000000094800000, 0x0000000094800000, 0x0000000094900000|  0%| F|  |TAMS 0x0000000094800000, 0x0000000094800000| Untracked 
| 329|0x0000000094900000, 0x0000000094900000, 0x0000000094a00000|  0%| F|  |TAMS 0x0000000094900000, 0x0000000094900000| Untracked 
| 330|0x0000000094a00000, 0x0000000094a00000, 0x0000000094b00000|  0%| F|  |TAMS 0x0000000094a00000, 0x0000000094a00000| Untracked 
| 331|0x0000000094b00000, 0x0000000094b00000, 0x0000000094c00000|  0%| F|  |TAMS 0x0000000094b00000, 0x0000000094b00000| Untracked 
| 332|0x0000000094c00000, 0x0000000094c00000, 0x0000000094d00000|  0%| F|  |TAMS 0x0000000094c00000, 0x0000000094c00000| Untracked 
| 333|0x0000000094d00000, 0x0000000094d00000, 0x0000000094e00000|  0%| F|  |TAMS 0x0000000094d00000, 0x0000000094d00000| Untracked 
| 334|0x0000000094e00000, 0x0000000094e00000, 0x0000000094f00000|  0%| F|  |TAMS 0x0000000094e00000, 0x0000000094e00000| Untracked 
| 335|0x0000000094f00000, 0x0000000094f00000, 0x0000000095000000|  0%| F|  |TAMS 0x0000000094f00000, 0x0000000094f00000| Untracked 
| 336|0x0000000095000000, 0x0000000095000000, 0x0000000095100000|  0%| F|  |TAMS 0x0000000095000000, 0x0000000095000000| Untracked 
| 337|0x0000000095100000, 0x0000000095100000, 0x0000000095200000|  0%| F|  |TAMS 0x0000000095100000, 0x0000000095100000| Untracked 
| 338|0x0000000095200000, 0x0000000095200000, 0x0000000095300000|  0%| F|  |TAMS 0x0000000095200000, 0x0000000095200000| Untracked 
| 339|0x0000000095300000, 0x0000000095300000, 0x0000000095400000|  0%| F|  |TAMS 0x0000000095300000, 0x0000000095300000| Untracked 
| 340|0x0000000095400000, 0x0000000095400000, 0x0000000095500000|  0%| F|  |TAMS 0x0000000095400000, 0x0000000095400000| Untracked 
| 341|0x0000000095500000, 0x0000000095500000, 0x0000000095600000|  0%| F|  |TAMS 0x0000000095500000, 0x0000000095500000| Untracked 
| 342|0x0000000095600000, 0x0000000095600000, 0x0000000095700000|  0%| F|  |TAMS 0x0000000095600000, 0x0000000095600000| Untracked 

Card table byte_map: [0x00000128ec390000,0x00000128ec790000] _byte_map_base: 0x00000128ebf90000

Marking Bits (Prev, Next): (CMBitMap*) 0x00000128d728e320, (CMBitMap*) 0x00000128d728e2e8
 Prev Bits: [0x00000128eeb90000, 0x00000128f0b90000)
 Next Bits: [0x00000128ecb90000, 0x00000128eeb90000)

Polling page: 0x00000128dc4f0000

Metaspace:

Usage:
  Non-class:     92.44 MB capacity,    90.71 MB ( 98%) used,     1.41 MB (  2%) free+waste,   333.19 KB ( <1%) overhead. 
      Class:     14.14 MB capacity,    13.14 MB ( 93%) used,   878.13 KB (  6%) free+waste,   147.69 KB (  1%) overhead. 
       Both:    106.58 MB capacity,   103.85 MB ( 97%) used,     2.26 MB (  2%) free+waste,   480.88 KB ( <1%) overhead. 

Virtual space:
  Non-class space:       94.00 MB reserved,      92.75 MB ( 99%) committed 
      Class space:        1.00 GB reserved,      14.32 MB (  1%) committed 
             Both:        1.09 GB reserved,     107.07 MB ( 10%) committed 

Chunk freelists:
   Non-Class:  123.00 KB
       Class:  113.00 KB
        Both:  236.00 KB

MaxMetaspaceSize: 17179869184.00 GB
CompressedClassSpaceSize: 1.00 GB

CodeHeap 'non-profiled nmethods': size=120000Kb used=8689Kb max_used=8689Kb free=111310Kb
 bounds [0x00000128e3fe0000, 0x00000128e4860000, 0x00000128eb510000]
CodeHeap 'profiled nmethods': size=120000Kb used=38439Kb max_used=38439Kb free=81560Kb
 bounds [0x00000128dcab0000, 0x00000128df040000, 0x00000128e3fe0000]
CodeHeap 'non-nmethods': size=5760Kb used=2330Kb max_used=2392Kb free=3429Kb
 bounds [0x00000128dc510000, 0x00000128dc780000, 0x00000128dcab0000]
 total_blobs=17561 nmethods=16630 adapters=841
 compilation: enabled
              stopped_count=0, restarted_count=0
 full_count=0

Compilation events (20 events):
Event: 18.022 Thread 0x00000128f36ac800 nmethod 17201 0x00000128df037410 code [0x00000128df0375c0, 0x00000128df037788]
Event: 18.022 Thread 0x00000128f36ac800 17197       2       com.android.tools.r8.internal.af::<init> (11 bytes)
Event: 18.025 Thread 0x00000128f36ac800 nmethod 17197 0x00000128df037890 code [0x00000128df037a40, 0x00000128df037bc8]
Event: 18.025 Thread 0x00000128f36ac800 17198       2       com.android.tools.r8.internal.gk::<init> (7 bytes)
Event: 18.025 Thread 0x00000128f36ac800 nmethod 17198 0x00000128df037c90 code [0x00000128df037e40, 0x00000128df037f68]
Event: 18.025 Thread 0x00000128f36ac800 17202       2       com.android.tools.r8.internal.Me$c::<init> (23 bytes)
Event: 18.025 Thread 0x00000128f703b000 nmethod 17188 0x00000128e485c210 code [0x00000128e485c3a0, 0x00000128e485c658]
Event: 18.025 Thread 0x00000128f703b000 17182       4       com.android.tools.r8.internal.Of::b (226 bytes)
Event: 18.025 Thread 0x00000128f36ac800 nmethod 17202 0x00000128df038010 code [0x00000128df0381c0, 0x00000128df038368]
Event: 18.025 Thread 0x00000128f36ac800 17204       2       com.android.tools.r8.internal.zg::a (11 bytes)
Event: 18.025 Thread 0x00000128f36ac800 nmethod 17204 0x00000128df038490 code [0x00000128df038640, 0x00000128df038798]
Event: 18.025 Thread 0x00000128f36ac800 17207       2       java.util.stream.ReferencePipeline::sorted (6 bytes)
Event: 18.026 Thread 0x00000128f36ac800 nmethod 17207 0x00000128df038910 code [0x00000128df038ac0, 0x00000128df038c48]
Event: 18.026 Thread 0x00000128f36ac800 17208       2       java.util.stream.SortedOps::makeRef (10 bytes)
Event: 18.026 Thread 0x00000128f36ac800 nmethod 17208 0x00000128df038d10 code [0x00000128df038ee0, 0x00000128df0391d8]
Event: 18.026 Thread 0x00000128f36ac800 17209       2       java.util.stream.SortedOps$OfRef::<init> (32 bytes)
Event: 18.026 Thread 0x00000128f36ac800 nmethod 17209 0x00000128df039390 code [0x00000128df039560, 0x00000128df039818]
Event: 18.026 Thread 0x00000128f36ac800 17210       2       java.util.stream.SortedOps$AbstractRefSortingSink::<init> (11 bytes)
Event: 18.027 Thread 0x00000128f36ac800 nmethod 17210 0x00000128df039990 code [0x00000128df039b60, 0x00000128df039e28]
Event: 18.027 Thread 0x00000128f36ac800 17214       2       com.android.tools.r8.internal.Me::a (37 bytes)

GC Heap History (20 events):
Event: 14.415 GC heap after
{Heap after GC invocations=29 (full 0):
 garbage-first heap   total 187392K, used 81908K [0x0000000080000000, 0x0000000100000000)
  region size 1024K, 9 young (9216K), 9 survivors (9216K)
 Metaspace       used 93044K, capacity 95282K, committed 95564K, reserved 1132544K
  class space    used 11667K, capacity 12472K, committed 12620K, reserved 1048576K
}
Event: 14.581 GC heap before
{Heap before GC invocations=29 (full 0):
 garbage-first heap   total 187392K, used 149492K [0x0000000080000000, 0x0000000100000000)
  region size 1024K, 76 young (77824K), 9 survivors (9216K)
 Metaspace       used 94435K, capacity 96801K, committed 96972K, reserved 1134592K
  class space    used 11850K, capacity 12678K, committed 12748K, reserved 1048576K
}
Event: 14.609 GC heap after
{Heap after GC invocations=30 (full 0):
 garbage-first heap   total 225280K, used 90489K [0x0000000080000000, 0x0000000100000000)
  region size 1024K, 10 young (10240K), 10 survivors (10240K)
 Metaspace       used 94435K, capacity 96801K, committed 96972K, reserved 1134592K
  class space    used 11850K, capacity 12678K, committed 12748K, reserved 1048576K
}
Event: 15.085 GC heap before
{Heap before GC invocations=30 (full 0):
 garbage-first heap   total 225280K, used 175481K [0x0000000080000000, 0x0000000100000000)
  region size 1024K, 92 young (94208K), 10 survivors (10240K)
 Metaspace       used 99581K, capacity 102234K, committed 102476K, reserved 1138688K
  class space    used 12602K, capacity 13570K, committed 13644K, reserved 1048576K
}
Event: 15.100 GC heap after
{Heap after GC invocations=31 (full 0):
 garbage-first heap   total 225280K, used 99801K [0x0000000080000000, 0x0000000100000000)
  region size 1024K, 12 young (12288K), 12 survivors (12288K)
 Metaspace       used 99581K, capacity 102234K, committed 102476K, reserved 1138688K
  class space    used 12602K, capacity 13570K, committed 13644K, reserved 1048576K
}
Event: 15.336 GC heap before
{Heap before GC invocations=31 (full 0):
 garbage-first heap   total 225280K, used 175577K [0x0000000080000000, 0x0000000100000000)
  region size 1024K, 86 young (88064K), 12 survivors (12288K)
 Metaspace       used 101253K, capacity 103990K, committed 104140K, reserved 1138688K
  class space    used 12918K, capacity 13925K, committed 14028K, reserved 1048576K
}
Event: 15.363 GC heap after
{Heap after GC invocations=32 (full 0):
 garbage-first heap   total 225280K, used 112441K [0x0000000080000000, 0x0000000100000000)
  region size 1024K, 11 young (11264K), 11 survivors (11264K)
 Metaspace       used 101253K, capacity 103990K, committed 104140K, reserved 1138688K
  class space    used 12918K, capacity 13925K, committed 14028K, reserved 1048576K
}
Event: 15.540 GC heap before
{Heap before GC invocations=32 (full 0):
 garbage-first heap   total 225280K, used 176953K [0x0000000080000000, 0x0000000100000000)
  region size 1024K, 74 young (75776K), 11 survivors (11264K)
 Metaspace       used 103030K, capacity 105897K, committed 106188K, reserved 1140736K
  class space    used 13208K, capacity 14237K, committed 14284K, reserved 1048576K
}
Event: 15.555 GC heap after
{Heap after GC invocations=33 (full 0):
 garbage-first heap   total 225280K, used 123433K [0x0000000080000000, 0x0000000100000000)
  region size 1024K, 10 young (10240K), 10 survivors (10240K)
 Metaspace       used 103030K, capacity 105897K, committed 106188K, reserved 1140736K
  class space    used 13208K, capacity 14237K, committed 14284K, reserved 1048576K
}
Event: 15.788 GC heap before
{Heap before GC invocations=33 (full 0):
 garbage-first heap   total 225280K, used 178729K [0x0000000080000000, 0x0000000100000000)
  region size 1024K, 65 young (66560K), 10 survivors (10240K)
 Metaspace       used 103799K, capacity 106646K, committed 106828K, reserved 1142784K
  class space    used 13301K, capacity 14349K, committed 14412K, reserved 1048576K
}
Event: 15.812 GC heap after
{Heap after GC invocations=34 (full 0):
 garbage-first heap   total 351232K, used 127213K [0x0000000080000000, 0x0000000100000000)
  region size 1024K, 4 young (4096K), 4 survivors (4096K)
 Metaspace       used 103799K, capacity 106646K, committed 106828K, reserved 1142784K
  class space    used 13301K, capacity 14349K, committed 14412K, reserved 1048576K
}
Event: 16.377 GC heap before
{Heap before GC invocations=35 (full 0):
 garbage-first heap   total 351232K, used 227565K [0x0000000080000000, 0x0000000100000000)
  region size 1024K, 102 young (104448K), 4 survivors (4096K)
 Metaspace       used 105317K, capacity 108088K, committed 108620K, reserved 1142784K
  class space    used 13427K, capacity 14428K, committed 14668K, reserved 1048576K
}
Event: 16.532 GC heap after
{Heap after GC invocations=36 (full 0):
 garbage-first heap   total 351232K, used 131207K [0x0000000080000000, 0x0000000100000000)
  region size 1024K, 8 young (8192K), 8 survivors (8192K)
 Metaspace       used 105317K, capacity 108088K, committed 108620K, reserved 1142784K
  class space    used 13427K, capacity 14428K, committed 14668K, reserved 1048576K
}
Event: 16.829 GC heap before
{Heap before GC invocations=36 (full 0):
 garbage-first heap   total 351232K, used 209031K [0x0000000080000000, 0x0000000100000000)
  region size 1024K, 84 young (86016K), 8 survivors (8192K)
 Metaspace       used 105376K, capacity 108168K, committed 108620K, reserved 1142784K
  class space    used 13432K, capacity 14434K, committed 14668K, reserved 1048576K
}
Event: 16.839 GC heap after
{Heap after GC invocations=37 (full 0):
 garbage-first heap   total 351232K, used 131711K [0x0000000080000000, 0x0000000100000000)
  region size 1024K, 6 young (6144K), 6 survivors (6144K)
 Metaspace       used 105376K, capacity 108168K, committed 108620K, reserved 1142784K
  class space    used 13432K, capacity 14434K, committed 14668K, reserved 1048576K
}
Event: 17.266 GC heap before
{Heap before GC invocations=37 (full 0):
 garbage-first heap   total 351232K, used 251519K [0x0000000080000000, 0x0000000100000000)
  region size 1024K, 124 young (126976K), 6 survivors (6144K)
 Metaspace       used 105488K, capacity 108280K, committed 108876K, reserved 1142784K
  class space    used 13447K, capacity 14470K, committed 14668K, reserved 1048576K
}
Event: 17.274 GC heap after
{Heap after GC invocations=38 (full 0):
 garbage-first heap   total 351232K, used 132754K [0x0000000080000000, 0x0000000100000000)
  region size 1024K, 7 young (7168K), 7 survivors (7168K)
 Metaspace       used 105488K, capacity 108280K, committed 108876K, reserved 1142784K
  class space    used 13447K, capacity 14470K, committed 14668K, reserved 1048576K
}
Event: 17.616 GC heap before
{Heap before GC invocations=38 (full 0):
 garbage-first heap   total 351232K, used 263826K [0x0000000080000000, 0x0000000100000000)
  region size 1024K, 136 young (139264K), 7 survivors (7168K)
 Metaspace       used 105794K, capacity 108562K, committed 109132K, reserved 1144832K
  class space    used 13449K, capacity 14472K, committed 14668K, reserved 1048576K
}
Event: 17.627 GC heap after
{Heap after GC invocations=39 (full 0):
 garbage-first heap   total 351232K, used 133933K [0x0000000080000000, 0x0000000100000000)
  region size 1024K, 9 young (9216K), 9 survivors (9216K)
 Metaspace       used 105794K, capacity 108562K, committed 109132K, reserved 1144832K
  class space    used 13449K, capacity 14472K, committed 14668K, reserved 1048576K
}
Event: 18.027 GC heap before
{Heap before GC invocations=39 (full 0):
 garbage-first heap   total 351232K, used 273197K [0x0000000080000000, 0x0000000100000000)
  region size 1024K, 145 young (148480K), 9 survivors (9216K)
 Metaspace       used 106341K, capacity 109140K, committed 109644K, reserved 1144832K
  class space    used 13453K, capacity 14479K, committed 14668K, reserved 1048576K
}

Deoptimization events (20 events):
Event: 17.962 Thread 0x00000128f981d000 Uncommon trap: trap_request=0xffffffde fr.pc=0x00000128e476c424 relative=0x0000000000000484
Event: 17.962 Thread 0x00000128f981d000 Uncommon trap: reason=class_check action=maybe_recompile pc=0x00000128e476c424 method=com.android.tools.r8.internal.DA.a(Ljava/lang/Object;[Lcom/android/tools/r8/internal/zf;I)Ljava/lang/Object; @ 13 c2
Event: 17.962 Thread 0x00000128f981d000 DEOPT PACKING pc=0x00000128e476c424 sp=0x0000002831bfa530
Event: 17.962 Thread 0x00000128f981d000 DEOPT UNPACKING pc=0x00000128dc5183af sp=0x0000002831bfa478 mode 2
Event: 17.965 Thread 0x00000128f981d000 Uncommon trap: trap_request=0xffffffc6 fr.pc=0x00000128e4791df8 relative=0x00000000000014b8
Event: 17.965 Thread 0x00000128f981d000 Uncommon trap: reason=bimorphic_or_optimized_type_check action=maybe_recompile pc=0x00000128e4791df8 method=com.android.tools.r8.graph.G0.a(II[Ljava/lang/Object;I[Ljava/lang/Object;)V @ 66 c2
Event: 17.965 Thread 0x00000128f981d000 DEOPT PACKING pc=0x00000128e4791df8 sp=0x0000002831bf9db0
Event: 17.965 Thread 0x00000128f981d000 DEOPT UNPACKING pc=0x00000128dc5183af sp=0x0000002831bf9d78 mode 2
Event: 17.965 Thread 0x00000128f981d000 Uncommon trap: trap_request=0xffffffc6 fr.pc=0x00000128e4791df8 relative=0x00000000000014b8
Event: 17.965 Thread 0x00000128f981d000 Uncommon trap: reason=bimorphic_or_optimized_type_check action=maybe_recompile pc=0x00000128e4791df8 method=com.android.tools.r8.graph.G0.a(II[Ljava/lang/Object;I[Ljava/lang/Object;)V @ 66 c2
Event: 17.966 Thread 0x00000128f981d000 DEOPT PACKING pc=0x00000128e4791df8 sp=0x0000002831bf9db0
Event: 17.966 Thread 0x00000128f981d000 DEOPT UNPACKING pc=0x00000128dc5183af sp=0x0000002831bf9d78 mode 2
Event: 17.999 Thread 0x00000128f981a000 Uncommon trap: trap_request=0xffffffde fr.pc=0x00000128e4835698 relative=0x0000000000004ff8
Event: 17.999 Thread 0x00000128f981a000 Uncommon trap: reason=class_check action=maybe_recompile pc=0x00000128e4835698 method=com.android.tools.r8.internal.X4.a(II)Lcom/android/tools/r8/internal/g9; @ 9 c2
Event: 17.999 Thread 0x00000128f981a000 DEOPT PACKING pc=0x00000128e4835698 sp=0x0000002831ff8dd0
Event: 17.999 Thread 0x00000128f981a000 DEOPT UNPACKING pc=0x00000128dc5183af sp=0x0000002831ff8dd0 mode 2
Event: 18.017 Thread 0x00000128f981e000 Uncommon trap: trap_request=0xffffffde fr.pc=0x00000128e476c424 relative=0x0000000000000484
Event: 18.017 Thread 0x00000128f981e000 Uncommon trap: reason=class_check action=maybe_recompile pc=0x00000128e476c424 method=com.android.tools.r8.internal.DA.a(Ljava/lang/Object;[Lcom/android/tools/r8/internal/zf;I)Ljava/lang/Object; @ 13 c2
Event: 18.017 Thread 0x00000128f981e000 DEOPT PACKING pc=0x00000128e476c424 sp=0x0000002831efa250
Event: 18.018 Thread 0x00000128f981e000 DEOPT UNPACKING pc=0x00000128dc5183af sp=0x0000002831efa198 mode 2

Classes redefined (0 events):
No events

Internal exceptions (20 events):
Event: 15.424 Thread 0x00000128f9820800 Exception <a 'java/lang/NoSuchMethodError'{0x000000008c5aea78}: 'java.lang.Object java.lang.invoke.DirectMethodHandle$Holder.newInvokeSpecial(java.lang.Object, int)'> (0x000000008c5aea78) thrown at [./src/hotspot/share/interpreter/linkResolver.cpp, line 773]
Event: 15.424 Thread 0x00000128f981d000 Exception <a 'java/lang/NoSuchMethodError'{0x000000008bb486d0}: 'java.lang.Object java.lang.invoke.DirectMethodHandle$Holder.newInvokeSpecial(java.lang.Object, int)'> (0x000000008bb486d0) thrown at [./src/hotspot/share/interpreter/linkResolver.cpp, line 773]
Event: 15.520 Thread 0x00000128f981b800 Exception <a 'java/lang/NoSuchMethodError'{0x000000008a205100}: 'java.lang.Object java.lang.invoke.DirectMethodHandle$Holder.invokeInterface(java.lang.Object, java.lang.Object, int)'> (0x000000008a205100) thrown at [./src/hotspot/share/interpreter/linkResolver.cpp, line 773]
Event: 15.903 Thread 0x00000128f981d000 Exception <a 'java/lang/NoSuchMethodError'{0x00000000946979d8}: 'void java.lang.invoke.DirectMethodHandle$Holder.invokeSpecial(java.lang.Object, java.lang.Object, int, java.lang.Object, java.lang.Object, java.lang.Object, java.lang.Object)'> (0x00000000946979d8) thrown at [./src/hotspot/share/interpreter/linkResolver.cpp, line 773]
Event: 15.904 Thread 0x00000128f981d000 Exception <a 'java/lang/NoSuchMethodError'{0x00000000946a35d8}: 'java.lang.Object java.lang.invoke.Invokers$Holder.linkToTargetMethod(java.lang.Object, int, java.lang.Object, java.lang.Object, java.lang.Object, java.lang.Object)'> (0x00000000946a35d8) thrown at [./src/hotspot/share/interpreter/linkResolver.cpp, line 773]
Event: 15.904 Thread 0x00000128f981d000 Exception <a 'java/lang/NoSuchMethodError'{0x00000000946a7a88}: 'void java.lang.invoke.DirectMethodHandle$Holder.invokeSpecial(java.lang.Object, java.lang.Object, java.lang.Object, java.lang.Object, java.lang.Object, java.lang.Object, java.lang.Object, java.lang.Object, java.lang.Object)'> (0x00000000946a7a88) thrown at [./src/hotspot/share/interpreter/linkResolver.cpp, line 773]
Event: 15.906 Thread 0x00000128f981d000 Exception <a 'java/lang/NoSuchMethodError'{0x000000009456ef88}: 'void java.lang.invoke.DirectMethodHandle$Holder.invokeStatic(java.lang.Object, java.lang.Object, java.lang.Object, java.lang.Object, java.lang.Object, java.lang.Object, java.lang.Object, java.lang.Object)'> (0x000000009456ef88) thrown at [./src/hotspot/share/interpreter/linkResolver.cpp, line 773]
Event: 16.023 Thread 0x00000128f981b800 Exception <a 'java/lang/NoSuchMethodError'{0x000000009322bf80}: 'int java.lang.invoke.DirectMethodHandle$Holder.invokeInterface(java.lang.Object, java.lang.Object, int)'> (0x000000009322bf80) thrown at [./src/hotspot/share/interpreter/linkResolver.cpp, line 773]
Event: 16.040 Thread 0x00000128f981d000 Exception <a 'java/lang/IncompatibleClassChangeError'{0x0000000092f157e8}: Found class java.lang.Object, but interface was expected> (0x0000000092f157e8) thrown at [./src/hotspot/share/interpreter/linkResolver.cpp, line 839]
Event: 16.245 Thread 0x00000128f981f800 Exception <a 'java/lang/NoSuchMethodError'{0x000000009100c728}: 'void java.lang.invoke.DirectMethodHandle$Holder.invokeVirtual(java.lang.Object, java.lang.Object, int)'> (0x000000009100c728) thrown at [./src/hotspot/share/interpreter/linkResolver.cpp, line 773]
Event: 16.245 Thread 0x00000128f981d000 Exception <a 'java/lang/NoSuchMethodError'{0x00000000911e0410}: 'void java.lang.invoke.DirectMethodHandle$Holder.invokeVirtual(java.lang.Object, java.lang.Object, int)'> (0x00000000911e0410) thrown at [./src/hotspot/share/interpreter/linkResolver.cpp, line 773]
Event: 16.293 Thread 0x00000128f981f800 Exception <a 'sun/nio/fs/WindowsException'{0x0000000090279df0}> (0x0000000090279df0) thrown at [./src/hotspot/share/prims/jni.cpp, line 615]
Event: 16.325 Thread 0x00000128f981d000 Exception <a 'sun/nio/fs/WindowsException'{0x00000000907fa0e8}> (0x00000000907fa0e8) thrown at [./src/hotspot/share/prims/jni.cpp, line 615]
Event: 16.842 Thread 0x00000128f981d000 Exception <a 'sun/nio/fs/WindowsException'{0x000000009546ade8}> (0x000000009546ade8) thrown at [./src/hotspot/share/prims/jni.cpp, line 615]
Event: 17.014 Thread 0x00000128f981e000 Exception <a 'sun/nio/fs/WindowsException'{0x0000000092c5a148}> (0x0000000092c5a148) thrown at [./src/hotspot/share/prims/jni.cpp, line 615]
Event: 17.460 Thread 0x00000128f981d000 Exception <a 'sun/nio/fs/WindowsException'{0x000000009139d330}> (0x000000009139d330) thrown at [./src/hotspot/share/prims/jni.cpp, line 615]
Event: 17.497 Thread 0x00000128f981e000 Exception <a 'sun/nio/fs/WindowsException'{0x0000000090602e10}> (0x0000000090602e10) thrown at [./src/hotspot/share/prims/jni.cpp, line 615]
Event: 17.934 Thread 0x00000128f981e000 Exception <a 'sun/nio/fs/WindowsException'{0x000000008f346358}> (0x000000008f346358) thrown at [./src/hotspot/share/prims/jni.cpp, line 615]
Event: 17.962 Thread 0x00000128f981d000 Exception <a 'sun/nio/fs/WindowsException'{0x000000008ebd5d58}> (0x000000008ebd5d58) thrown at [./src/hotspot/share/prims/jni.cpp, line 615]
Event: 18.017 Thread 0x00000128f981e000 Exception <a 'sun/nio/fs/WindowsException'{0x000000008d2800e0}> (0x000000008d2800e0) thrown at [./src/hotspot/share/prims/jni.cpp, line 615]

Events (20 events):
Event: 17.667 loading class com/android/tools/r8/internal/Ne done
Event: 17.667 loading class com/android/tools/r8/internal/iu
Event: 17.667 loading class com/android/tools/r8/internal/iu done
Event: 17.667 loading class com/android/tools/r8/internal/Ue
Event: 17.667 loading class com/android/tools/r8/internal/Ue done
Event: 17.816 Executing VM operation: ICBufferFull
Event: 17.834 Executing VM operation: ICBufferFull done
Event: 17.998 loading class com/android/tools/r8/internal/X4
Event: 17.998 loading class com/android/tools/r8/internal/X4 done
Event: 17.998 loading class com/android/tools/r8/internal/t4
Event: 17.998 loading class com/android/tools/r8/internal/t4 done
Event: 17.999 loading class com/android/tools/r8/internal/t4
Event: 17.999 loading class com/android/tools/r8/internal/t4 done
Event: 17.999 loading class com/android/tools/r8/internal/t4
Event: 17.999 loading class com/android/tools/r8/internal/t4 done
Event: 17.999 loading class com/android/tools/r8/internal/t4
Event: 17.999 loading class com/android/tools/r8/internal/t4 done
Event: 18.023 Executing VM operation: ICBufferFull
Event: 18.025 Executing VM operation: ICBufferFull done
Event: 18.027 Executing VM operation: G1CollectForAllocation


Dynamic libraries:
0x00007ff61eaa0000 - 0x00007ff61eaaa000 	C:\Program Files\Android\Android Studio\jre\bin\java.exe
0x00007ff8d61b0000 - 0x00007ff8d63a5000 	C:\Windows\SYSTEM32\ntdll.dll
0x00007ff8d4770000 - 0x00007ff8d482e000 	C:\Windows\System32\KERNEL32.DLL
0x00007ff8d3ba0000 - 0x00007ff8d3e68000 	C:\Windows\System32\KERNELBASE.dll
0x00007ff8d38c0000 - 0x00007ff8d39c0000 	C:\Windows\System32\ucrtbase.dll
0x00007ff8ad1b0000 - 0x00007ff8ad1c7000 	C:\Program Files\Android\Android Studio\jre\bin\VCRUNTIME140.dll
0x00007ff8ad060000 - 0x00007ff8ad079000 	C:\Program Files\Android\Android Studio\jre\bin\jli.dll
0x00007ff8d5790000 - 0x00007ff8d5931000 	C:\Windows\System32\USER32.dll
0x00007ff8b5df0000 - 0x00007ff8b608a000 	C:\Windows\WinSxS\amd64_microsoft.windows.common-controls_6595b64144ccf1df_6.0.19041.1110_none_60b5254171f9507e\COMCTL32.dll
0x00007ff8d40d0000 - 0x00007ff8d40f2000 	C:\Windows\System32\win32u.dll
0x00007ff8d5c70000 - 0x00007ff8d5c9b000 	C:\Windows\System32\GDI32.dll
0x00007ff8d39f0000 - 0x00007ff8d3afd000 	C:\Windows\System32\gdi32full.dll
0x00007ff8d3b00000 - 0x00007ff8d3b9d000 	C:\Windows\System32\msvcp_win.dll
0x00007ff8d5fa0000 - 0x00007ff8d603e000 	C:\Windows\System32\msvcrt.dll
0x00007ff8d5760000 - 0x00007ff8d5790000 	C:\Windows\System32\IMM32.DLL
0x00007ff8996c0000 - 0x00007ff89975d000 	C:\Program Files\Android\Android Studio\jre\bin\msvcp140.dll
0x00007ff891de0000 - 0x00007ff8928af000 	C:\Program Files\Android\Android Studio\jre\bin\server\jvm.dll
0x00007ff8d4650000 - 0x00007ff8d46fe000 	C:\Windows\System32\ADVAPI32.dll
0x00007ff8d5d00000 - 0x00007ff8d5d9c000 	C:\Windows\System32\sechost.dll
0x00007ff8d4450000 - 0x00007ff8d4575000 	C:\Windows\System32\RPCRT4.dll
0x00007ff8d4760000 - 0x00007ff8d4768000 	C:\Windows\System32\PSAPI.DLL
0x00007ff8ceb90000 - 0x00007ff8ceb99000 	C:\Windows\SYSTEM32\WSOCK32.dll
0x00007ff8c5110000 - 0x00007ff8c511a000 	C:\Windows\SYSTEM32\VERSION.dll
0x00007ff8af050000 - 0x00007ff8af077000 	C:\Windows\SYSTEM32\WINMM.dll
0x00007ff8d5c00000 - 0x00007ff8d5c6b000 	C:\Windows\System32\WS2_32.dll
0x00007ff8d2140000 - 0x00007ff8d2152000 	C:\Windows\SYSTEM32\kernel.appcore.dll
0x00007ff8ceb70000 - 0x00007ff8ceb81000 	C:\Program Files\Android\Android Studio\jre\bin\verify.dll
0x00007ff8d14a0000 - 0x00007ff8d1684000 	C:\Windows\SYSTEM32\DBGHELP.DLL
0x00007ff8b7170000 - 0x00007ff8b719c000 	C:\Windows\SYSTEM32\dbgcore.DLL
0x00007ff8d4160000 - 0x00007ff8d41e2000 	C:\Windows\System32\bcryptPrimitives.dll
0x00007ff8ca680000 - 0x00007ff8ca6a9000 	C:\Program Files\Android\Android Studio\jre\bin\java.dll
0x00007ff8cb640000 - 0x00007ff8cb64b000 	C:\Program Files\Android\Android Studio\jre\bin\jimage.dll
0x00007ff8b79c0000 - 0x00007ff8b79d8000 	C:\Program Files\Android\Android Studio\jre\bin\zip.dll
0x00007ff8d4830000 - 0x00007ff8d4f74000 	C:\Windows\System32\SHELL32.dll
0x00007ff8d1990000 - 0x00007ff8d2125000 	C:\Windows\SYSTEM32\windows.storage.dll
0x00007ff8d4f80000 - 0x00007ff8d52d5000 	C:\Windows\System32\combase.dll
0x00007ff8d3310000 - 0x00007ff8d333e000 	C:\Windows\SYSTEM32\Wldp.dll
0x00007ff8d60c0000 - 0x00007ff8d616d000 	C:\Windows\System32\SHCORE.dll
0x00007ff8d6060000 - 0x00007ff8d60b5000 	C:\Windows\System32\shlwapi.dll
0x00007ff8d3800000 - 0x00007ff8d381f000 	C:\Windows\SYSTEM32\profapi.dll
0x00007ff8b66f0000 - 0x00007ff8b670a000 	C:\Program Files\Android\Android Studio\jre\bin\net.dll
0x00007ff8cd810000 - 0x00007ff8cd91c000 	C:\Windows\SYSTEM32\WINHTTP.dll
0x00007ff8d3070000 - 0x00007ff8d30da000 	C:\Windows\system32\mswsock.dll
0x00007ff8b6680000 - 0x00007ff8b6694000 	C:\Program Files\Android\Android Studio\jre\bin\nio.dll
0x00007ff8b5510000 - 0x00007ff8b5537000 	C:\Users\Kobby\.gradle\native\8bec1ad78214c89d9ad589b4d07fe93259594b29d510b10fafb7a158f7737e5d\windows-amd64\native-platform.dll
0x00007ff8aace0000 - 0x00007ff8aae1d000 	C:\Users\Kobby\.gradle\native\53dbd7edfb1c66fb8903c78663c9afc45aea4f116125fa6feffd364cf09443e8\windows-amd64\native-platform-file-events.dll
0x00007ff8cb630000 - 0x00007ff8cb63a000 	C:\Program Files\Android\Android Studio\jre\bin\management.dll
0x00007ff8cb530000 - 0x00007ff8cb53c000 	C:\Program Files\Android\Android Studio\jre\bin\management_ext.dll
0x00007ff8d3260000 - 0x00007ff8d3278000 	C:\Windows\SYSTEM32\CRYPTSP.dll
0x00007ff8d2980000 - 0x00007ff8d29b4000 	C:\Windows\system32\rsaenh.dll
0x00007ff8d39c0000 - 0x00007ff8d39e7000 	C:\Windows\System32\bcrypt.dll
0x00007ff8d37c0000 - 0x00007ff8d37ee000 	C:\Windows\SYSTEM32\USERENV.dll
0x00007ff8d3280000 - 0x00007ff8d328c000 	C:\Windows\SYSTEM32\CRYPTBASE.dll
0x00007ff8d2d10000 - 0x00007ff8d2d4b000 	C:\Windows\SYSTEM32\IPHLPAPI.DLL
0x00007ff8d5e20000 - 0x00007ff8d5e28000 	C:\Windows\System32\NSI.dll
0x00007ff8c2230000 - 0x00007ff8c2247000 	C:\Windows\SYSTEM32\dhcpcsvc6.DLL
0x00007ff8ca240000 - 0x00007ff8ca25d000 	C:\Windows\SYSTEM32\dhcpcsvc.DLL
0x00007ff8d2d50000 - 0x00007ff8d2e1b000 	C:\Windows\SYSTEM32\DNSAPI.dll

dbghelp: loaded successfully - version: 4.0.5 - missing functions: none
symbol engine: initialized successfully - sym options: 0x614 - pdb path: .;C:\Program Files\Android\Android Studio\jre\bin;C:\Windows\SYSTEM32;C:\Windows\WinSxS\amd64_microsoft.windows.common-controls_6595b64144ccf1df_6.0.19041.1110_none_60b5254171f9507e;C:\Program Files\Android\Android Studio\jre\bin\server;C:\Users\Kobby\.gradle\native\8bec1ad78214c89d9ad589b4d07fe93259594b29d510b10fafb7a158f7737e5d\windows-amd64;C:\Users\Kobby\.gradle\native\53dbd7edfb1c66fb8903c78663c9afc45aea4f116125fa6feffd364cf09443e8\windows-amd64

VM Arguments:
jvm_args: --add-opens=java.base/java.util=ALL-UNNAMED --add-opens=java.base/java.lang=ALL-UNNAMED --add-opens=java.base/java.lang.invoke=ALL-UNNAMED --add-opens=java.base/java.util=ALL-UNNAMED --add-opens=java.prefs/java.util.prefs=ALL-UNNAMED --add-opens=java.prefs/java.util.prefs=ALL-UNNAMED --add-opens=java.base/java.nio.charset=ALL-UNNAMED --add-opens=java.base/java.net=ALL-UNNAMED --add-opens=java.base/java.util.concurrent.atomic=ALL-UNNAMED -Xmx2048m -Dfile.encoding=UTF-8 -Duser.country=US -Duser.language=en -Duser.variant 
java_command: org.gradle.launcher.daemon.bootstrap.GradleDaemon 7.0.2
java_class_path (initial): C:\Users\Kobby\.gradle\wrapper\dists\gradle-7.0.2-bin\857tjihv64xamwrf0h14cai3r\gradle-7.0.2\lib\gradle-launcher-7.0.2.jar
Launcher Type: SUN_STANDARD

[Global flags]
     intx CICompilerCount                          = 4                                         {product} {ergonomic}
     uint ConcGCThreads                            = 2                                         {product} {ergonomic}
     uint G1ConcRefinementThreads                  = 8                                         {product} {ergonomic}
   size_t G1HeapRegionSize                         = 1048576                                   {product} {ergonomic}
    uintx GCDrainStackTargetSize                   = 64                                        {product} {ergonomic}
   size_t InitialHeapSize                          = 132120576                                 {product} {ergonomic}
   size_t MarkStackSize                            = 4194304                                   {product} {ergonomic}
   size_t MaxHeapSize                              = 2147483648                                {product} {command line}
   size_t MaxNewSize                               = 1287651328                                {product} {ergonomic}
   size_t MinHeapDeltaBytes                        = 1048576                                   {product} {ergonomic}
    uintx NonNMethodCodeHeapSize                   = 5836300                                {pd product} {ergonomic}
    uintx NonProfiledCodeHeapSize                  = 122910970                              {pd product} {ergonomic}
    uintx ProfiledCodeHeapSize                     = 122910970                              {pd product} {ergonomic}
    uintx ReservedCodeCacheSize                    = 251658240                              {pd product} {ergonomic}
     bool SegmentedCodeCache                       = true                                      {product} {ergonomic}
     bool UseCompressedClassPointers               = true                                 {lp64_product} {ergonomic}
     bool UseCompressedOops                        = true                                 {lp64_product} {ergonomic}
     bool UseG1GC                                  = true                                      {product} {ergonomic}
     bool UseLargePagesIndividualAllocation        = false                                  {pd product} {ergonomic}

Logging:
Log output configuration:
 #0: stdout all=warning uptime,level,tags
 #1: stderr all=off uptime,level,tags

Environment Variables:
PATH=C:\Program Files (x86)\Common Files\Oracle\Java\javapath;C:\Windows\system32;C:\Windows;C:\Windows\System32\Wbem;C:\Windows\System32\WindowsPowerShell\v1.0\;C:\Windows\System32\OpenSSH\;C:\Program Files\Git\cmd;C:\Program Files\nodejs\;C:\Users\Kobby\AppData\Local\Programs\Python\Python310\Scripts\;C:\Users\Kobby\AppData\Local\Programs\Python\Python310\;C:\Users\Kobby\AppData\Local\Microsoft\WindowsApps;C:\Users\Kobby\AppData\Local\Programs\Microsoft VS Code\bin;C:\Program Files\Java\jdk1.8.0_202\bin;C:\Users\Kobby\AppData\Roaming\npm
USERNAME=Kobby
OS=Windows_NT
PROCESSOR_IDENTIFIER=Intel64 Family 6 Model 140 Stepping 1, GenuineIntel



---------------  S Y S T E M  ---------------

OS: Windows 10 , 64 bit Build 19041 (10.0.19041.1466)
OS uptime: 4 days 11:55 hours

CPU:total 8 (initial active 8) (4 cores per cpu, 2 threads per core) family 6 model 140 stepping 1 microcode 0x86, cmov, cx8, fxsr, mmx, sse, sse2, sse3, ssse3, sse4.1, sse4.2, popcnt, avx, avx2, aes, clmul, erms, 3dnowpref, lzcnt, ht, tsc, tscinvbit, bmi1, bmi2, adx, evex, sha, fma

Memory: 4k page, system-wide physical 7953M (208M free)
TotalPageFile size 32529M (AvailPageFile size 286M)
current process WorkingSet (physical memory assigned to process): 360M, peak: 444M
current process commit charge ("private bytes"): 740M, peak: 1080M

vm_info: OpenJDK 64-Bit Server VM (11.0.10+0-b96-7249189) for windows-amd64 JRE (11.0.10+0-b96-7249189), built on Mar 31 2021 21:44:00 by "builder" with MS VC++ 14.0 (VS2015)

END.
